1. ~NoLeak ~LowTemp ReactorUnitSafe {}
2. ~NoLeakH1 ~NoLeakH2 NoLeak {}
3. ~okH1 NoLeakH1 {}
4. okH1 V1 NoLeakH1 {}
5. ~okH2 NoLeakH2 {}
6. okH2 V2 NoLeakH2 {}
7. ~l ~V1 ~V2 LowTemp {}
8. l ~V1 LowTemp {}
9. l ~V2 LowTemp {}
10. ~l {}
11. ~okH2 {}
12. okH1 {}
13. V1 {}
14. ~V2 {}
15. ~LowTemp {}
16. ~V2 LowTemp {9 10}
17. NoLeakH1 V1 NoLeakH1 {3 4}
18. okH1 NoLeakH1 l LowTemp {4 8}
19. NoLeakH2 V2 NoLeakH2 {5 6}
20. NoLeakH1 {3 12}
21. l ~V2 {9 15}
22. okH2 NoLeakH2 l LowTemp {6 9}
23. ~V1 LowTemp {8 10}
24. l ~V1 {8 15}
25. ~V1 ~V2 LowTemp ~V2 LowTemp {7 9}
26. okH2 NoLeakH2 {6 14}
27. ~V1 ~V2 LowTemp ~V1 LowTemp {7 8}
28. ~NoLeakH1 NoLeak okH2 V2 {2 6}
29. V2 NoLeakH2 {6 11}
30. ~l ~V1 ~V2 {7 15}
31. ~NoLeakH2 NoLeak okH1 V1 {2 4}
32. ~NoLeak ReactorUnitSafe l ~V2 {1 9}
33. okH1 NoLeakH1 ~l ~V2 LowTemp {4 7}
34. ~NoLeakH1 NoLeak ~okH2 {2 5}
35. ~NoLeak ReactorUnitSafe ~l ~V1 ~V2 {1 7}
36. ~NoLeak ReactorUnitSafe l ~V1 {1 8}
37. okH2 NoLeakH2 ~l ~V1 LowTemp {6 7}
38. ~NoLeakH2 NoLeak ~okH1 {2 3}
39. l LowTemp {8 13}
40. ~LowTemp ReactorUnitSafe ~NoLeakH1 ~NoLeakH2 {1 2}
41. ~l ~V2 LowTemp {7 13}
42. ~V1 LowTemp okH2 NoLeakH2 ~V1 LowTemp {8 37}
43. okH2 NoLeakH2 l {6 21}
44. ~NoLeak ReactorUnitSafe okH1 NoLeakH1 l {1 18}
45. ~V1 ~V2 LowTemp ~NoLeak ReactorUnitSafe ~V2 {7 32}
46. NoLeak ~okH2 {20 34}
47. ~NoLeakH1 NoLeak okH2 {14 28}
48. ~NoLeak ReactorUnitSafe okH2 NoLeakH2 l {1 22}
49. ~V2 ~V2 LowTemp {21 41}
50. okH2 NoLeakH2 ~V1 LowTemp LowTemp {6 25}
51. okH1 NoLeakH1 ~l ~V2 {4 30}
52. ~V2 LowTemp okH1 NoLeakH1 ~V2 LowTemp {9 33}
53. l {13 24}
54. l ReactorUnitSafe ~NoLeakH1 ~NoLeakH2 {39 40}
55. NoLeak okH1 V1 okH2 ~l ~V1 LowTemp {31 37}
56. NoLeakH2 ~NoLeak ReactorUnitSafe l {29 32}
57. okH2 ~LowTemp ReactorUnitSafe ~NoLeakH1 {26 40}
58. V1 NoLeakH1 ~NoLeakH2 NoLeak {4 38}
59. NoLeakH1 NoLeakH1 ~l ~V2 LowTemp {3 33}
60. ~V1 {15 23}
61. okH1 NoLeakH1 LowTemp okH1 NoLeakH1 ~V2 LowTemp {18 33}
62. ~NoLeakH1 NoLeak okH2 ~l ~V1 LowTemp {2 37}
63. ~NoLeakH2 NoLeak V1 ~NoLeakH2 NoLeak {31 38}
64. ~LowTemp ReactorUnitSafe ~NoLeakH2 okH1 V1 {1 31}
65. ~NoLeakH1 NoLeak V2 {11 28}
66. NoLeakH2 ~NoLeakH1 NoLeak {26 34}
67. l LowTemp ~NoLeakH1 NoLeak okH2 {9 28}
68. ~V1 LowTemp ~NoLeak ReactorUnitSafe ~V1 ~V2 {8 35}
69. ~V2 okH1 NoLeakH1 ~V2 LowTemp {21 33}
70. l LowTemp NoLeakH2 NoLeakH2 {9 19}
71. ~NoLeakH2 okH1 V1 ReactorUnitSafe l ~V1 {31 36}
72. okH2 V2 NoLeak ~okH1 {6 38}
73. ~V1 ~V2 LowTemp ~V1 {7 24}
74. ~V1 ~V2 LowTemp ~V2 {7 21}
75. ~NoLeakH1 ~okH2 ReactorUnitSafe l ~V1 {34 36}
76. NoLeakH2 ~NoLeak ReactorUnitSafe ~l ~V1 {29 35}
77. ~NoLeakH2 NoLeak okH1 okH2 NoLeakH2 ~l LowTemp {31 37}
78. NoLeak okH2 V2 {20 28}
79. okH2 NoLeak ~okH1 {26 38}
80. ~NoLeakH1 ~NoLeakH2 ReactorUnitSafe l ~V1 {2 36}
81. okH2 V2 NoLeak okH1 V1 {6 31}
82. ~V1 ~V2 LowTemp {30 39}
83. l ~V2 ReactorUnitSafe ~NoLeakH1 ~NoLeakH2 {9 40}
84. ~V2 ~NoLeak ReactorUnitSafe ~V1 ~V2 {21 35}
85. okH2 NoLeakH2 okH1 NoLeakH1 ~l LowTemp {6 33}
86. ~NoLeak ReactorUnitSafe ~V1 ~V2 ~NoLeak ReactorUnitSafe ~V1 {35 36}
87. ~LowTemp ReactorUnitSafe ~NoLeakH2 ~okH1 {1 38}
88. okH2 NoLeakH2 LowTemp ~NoLeak ReactorUnitSafe ~V1 ~V2 {22 35}
89. okH2 NoLeakH2 LowTemp ~V2 LowTemp {22 41}
90. okH2 NoLeakH2 LowTemp okH1 NoLeakH1 ~V2 LowTemp {22 33}
91. ~NoLeakH2 NoLeak {12 38}
92. ~V2 okH2 NoLeakH2 ~V1 LowTemp {21 37}
93. ~NoLeakH2 okH1 V1 ReactorUnitSafe l ~V2 {31 32}
94. ~NoLeakH1 NoLeak okH2 ~NoLeak ReactorUnitSafe l {28 32}
95. ~NoLeakH1 okH2 V2 ReactorUnitSafe l ~V1 {28 36}
96. okH2 NoLeakH2 l ReactorUnitSafe ~NoLeakH1 ~NoLeakH2 {22 40}
97. ~NoLeak ReactorUnitSafe ~V1 ~V2 LowTemp {36 41}
98. ~l ~V2 ~NoLeakH2 NoLeak okH1 {30 31}
99. LowTemp ~V2 LowTemp {39 41}
100. ~V1 ~V2 ~NoLeak ReactorUnitSafe ~V1 {30 36}
101. ~NoLeak ReactorUnitSafe ~l ~V2 {13 35}
102. ~V2 ~V1 ~V2 {21 30}
103. ~NoLeak ReactorUnitSafe ~V2 {1 16}
104. ~NoLeak ReactorUnitSafe ~V1 {1 23}
105. ~okH2 ~LowTemp ReactorUnitSafe ~NoLeakH1 {5 40}
106. ~NoLeak ReactorUnitSafe okH1 NoLeakH1 ~l ~V2 {1 33}
107. okH2 NoLeakH2 ~l LowTemp {6 41}
108. okH1 NoLeakH1 LowTemp ~V1 ~V2 {18 30}
109. ~NoLeakH1 NoLeak okH2 ~NoLeak ReactorUnitSafe ~l ~V1 {28 35}
110. okH1 V1 ~LowTemp ReactorUnitSafe ~NoLeakH2 {4 40}
111. NoLeakH1 l LowTemp ~NoLeakH2 NoLeak {18 38}
112. NoLeakH1 NoLeakH1 ~l ~V2 {17 30}
113. ~V1 LowTemp LowTemp ~NoLeakH1 NoLeak okH2 {25 28}
114. ~V1 ~V2 LowTemp okH1 NoLeakH1 LowTemp {7 18}
115. okH2 NoLeak okH1 V1 {26 31}
116. ~V2 LowTemp ~NoLeak ReactorUnitSafe ~V1 ~V2 {9 35}
117. okH1 NoLeakH1 LowTemp ~NoLeak ReactorUnitSafe ~V1 ~V2 {18 35}
118. ~V2 ReactorUnitSafe ~NoLeakH1 ~NoLeakH2 {16 40}
119. ~LowTemp ReactorUnitSafe ~NoLeakH1 okH2 V2 {1 28}
120. ReactorUnitSafe l ~V2 ~NoLeakH2 ~okH1 {32 38}
121. NoLeakH2 NoLeakH2 l LowTemp {5 22}
122. ~V2 LowTemp ~V2 LowTemp {9 41}
123. NoLeakH1 NoLeakH1 LowTemp {17 23}
124. ~V1 LowTemp LowTemp NoLeakH2 {25 29}
125. ReactorUnitSafe ~l ~V1 ~V2 ~NoLeakH2 ~okH1 {35 38}
126. ~NoLeakH1 ~okH2 ReactorUnitSafe ~l ~V1 ~V2 {34 35}
127. NoLeakH1 NoLeakH1 l LowTemp {3 18}
128. okH1 NoLeakH1 ~V2 LowTemp LowTemp {33 39}
129. NoLeakH1 NoLeakH1 l {17 24}
130. okH2 ~l ~V1 LowTemp NoLeak ~okH1 {37 38}
131. l ~NoLeakH2 NoLeak okH1 {24 31}
132. ~l ~V1 ~V2 ReactorUnitSafe ~NoLeakH1 ~NoLeakH2 {7 40}
133. NoLeakH2 NoLeakH2 ~l ~V1 {19 30}
134. NoLeakH2 ~l ~V1 {29 30}
135. ~NoLeak ReactorUnitSafe ~V1 ~V2 ~V2 {1 25}
136. ~V1 okH2 NoLeakH2 ~V1 LowTemp {24 37}
137. okH1 NoLeakH1 l ReactorUnitSafe ~NoLeakH1 ~NoLeakH2 {18 40}
138. ~NoLeak ReactorUnitSafe okH2 NoLeakH2 ~l ~V1 {1 37}
139. ~V1 ~V2 ~V2 ReactorUnitSafe ~NoLeakH1 ~NoLeakH2 {25 40}
140. ~V1 LowTemp ~V2 LowTemp {8 41}
141. ~NoLeakH2 NoLeak okH1 ~l ~V2 LowTemp {2 33}
142. NoLeakH1 NoLeakH1 ~NoLeak ReactorUnitSafe ~l ~V2 {17 35}
143. okH1 ~l ~V2 LowTemp NoLeak ~okH2 {33 34}
144. NoLeak okH2 V2 okH1 ~l ~V2 LowTemp {28 33}
145. NoLeakH2 {11 26}
146. l NoLeakH2 {21 29}
147. okH1 NoLeakH1 LowTemp {4 23}
148. NoLeakH1 NoLeakH1 okH2 NoLeakH2 ~l LowTemp {17 37}
149. l ~NoLeakH1 NoLeak okH2 {21 28}
150. ~okH2 NoLeak ~okH1 {5 38}
151. ~NoLeakH2 NoLeak okH1 l LowTemp {2 18}
152. ~V1 ~V2 LowTemp okH2 NoLeakH2 LowTemp {7 22}
153. okH2 NoLeakH2 LowTemp okH2 NoLeakH2 ~V1 LowTemp {22 37}
154. V2 NoLeak okH1 V1 {29 31}
155. ~NoLeak ReactorUnitSafe l {13 36}
156. ~V2 LowTemp LowTemp {13 27}
157. ~okH2 NoLeak okH1 V1 {5 31}
158. NoLeakH2 NoLeakH2 l {19 21}
159. okH2 NoLeakH2 ~NoLeak ReactorUnitSafe ~l ~V1 {6 35}
160. ~V1 ~V2 ~V1 {15 27}
161. NoLeakH2 NoLeakH2 {5 26}
162. NoLeakH2 NoLeakH2 ~NoLeak ReactorUnitSafe ~l ~V1 {19 35}
163. NoLeakH1 ~NoLeakH2 NoLeak V1 {3 31}
164. l LowTemp NoLeakH1 NoLeakH1 {8 17}
165. okH2 NoLeakH2 LowTemp {6 16}
166. okH1 ~l ~V2 LowTemp ~LowTemp ReactorUnitSafe ~NoLeakH2 {33 40}
167. NoLeakH2 NoLeakH2 ~l ~V1 LowTemp {5 37}
168. LowTemp NoLeakH2 NoLeakH2 {16 19}
169. ~NoLeak ReactorUnitSafe ~V2 ~V2 LowTemp {32 41}
170. NoLeakH2 NoLeakH2 ~V1 LowTemp LowTemp {19 25}
171. ~NoLeakH2 okH1 V1 ReactorUnitSafe ~l ~V1 ~V2 {31 35}
172. ~V2 LowTemp ~V1 ~V2 {9 30}
173. okH1 NoLeakH1 ~l ~V2 ReactorUnitSafe ~NoLeakH1 ~NoLeakH2 {33 40}
174. ~NoLeakH2 NoLeak okH1 ~NoLeak ReactorUnitSafe ~l ~V2 {31 35}
175. okH2 l LowTemp ~LowTemp ReactorUnitSafe ~NoLeakH1 {22 40}
176. ~V1 ~V1 ~V2 {24 30}
177. ~V1 LowTemp ~V1 LowTemp ~NoLeakH1 NoLeak okH2 {27 28}
178. ~NoLeak ReactorUnitSafe ~V1 ~V2 ~V1 {1 27}
179. NoLeakH2 NoLeakH2 ~l LowTemp {19 41}
180. ~l ~V1 LowTemp NoLeakH2 NoLeakH2 {7 19}
181. ~V1 LowTemp ~V1 ~V2 {8 30}
182. ~NoLeakH1 ~NoLeakH2 ReactorUnitSafe ~l ~V1 ~V2 {2 35}
183. V1 NoLeak ~okH2 {17 34}
184. okH1 NoLeakH1 ~NoLeak ReactorUnitSafe ~l ~V2 {4 35}
185. okH1 NoLeakH1 ~V2 LowTemp ~NoLeak ReactorUnitSafe ~V1 {33 36}
186. ~okH1 NoLeak okH2 V2 {3 28}
187. ~V2 LowTemp LowTemp ~NoLeakH2 NoLeak okH1 {27 31}
188. ~V1 ~V2 ~NoLeak ReactorUnitSafe ~V2 {30 32}
189. okH1 NoLeakH1 ~NoLeak ReactorUnitSafe l {4 36}
190. ~l ~V1 LowTemp NoLeakH2 {7 29}
191. okH2 l LowTemp NoLeak okH1 V1 {22 31}
192. V1 NoLeak okH2 V2 {17 28}
193. okH1 NoLeakH1 l {4 24}
194. ~V1 ~V2 ~V1 ReactorUnitSafe ~NoLeakH1 ~NoLeakH2 {27 40}
195. NoLeakH2 NoLeakH2 ~NoLeak ReactorUnitSafe l {19 32}
196. okH2 NoLeakH2 ~NoLeak ReactorUnitSafe l {6 32}
197. okH2 NoLeakH2 ~l ~V1 {6 30}
198. NoLeakH2 l LowTemp {11 22}
199. ~NoLeakH1 NoLeak okH2 ~l ~V1 {28 30}
200. ~l ~V1 LowTemp ~NoLeakH1 NoLeak okH2 {7 28}
201. l LowTemp NoLeakH2 {9 29}
202. okH1 l LowTemp NoLeak ~okH2 {18 34}
203. okH2 ~l ~V1 LowTemp ~LowTemp ReactorUnitSafe ~NoLeakH1 {37 40}
204. ~NoLeakH2 NoLeak V1 {2 17}
205. LowTemp ~NoLeakH2 NoLeak okH1 {23 31}
206. ~NoLeakH2 NoLeak okH1 ~NoLeak ReactorUnitSafe l {31 36}
207. ~NoLeakH1 NoLeak okH2 okH1 NoLeakH1 ~l LowTemp {28 33}
208. ~NoLeakH1 NoLeak V2 ~NoLeakH1 NoLeak {28 34}
209. V2 NoLeakH2 ~NoLeakH1 NoLeak {6 34}
210. l ~V1 ReactorUnitSafe ~NoLeakH1 ~NoLeakH2 {8 40}
211. ~V2 LowTemp ~V2 LowTemp ~NoLeakH2 NoLeak okH1 {25 31}
212. V2 NoLeak ~okH1 {19 38}
213. ~NoLeakH1 NoLeak NoLeakH2 ~l ~V1 LowTemp {34 37}
214. V2 ~LowTemp ReactorUnitSafe ~NoLeakH1 {29 40}
215. ~NoLeakH1 okH2 V2 ReactorUnitSafe ~l ~V1 ~V2 {28 35}
216. ~V1 okH1 NoLeakH1 ~V2 LowTemp {24 33}
217. ReactorUnitSafe l ~V2 ~NoLeakH1 ~okH2 {32 34}
218. ~okH1 NoLeak ~okH2 {3 34}
219. ~NoLeak ReactorUnitSafe ~V2 okH1 NoLeakH1 ~V2 LowTemp {32 33}
220. ~V1 ~NoLeak ReactorUnitSafe ~V1 ~V2 {24 35}
221. V1 ~LowTemp ReactorUnitSafe ~NoLeakH2 {17 40}
222. okH2 NoLeakH2 ~l ~V1 ReactorUnitSafe ~NoLeakH1 ~NoLeakH2 {37 40}
223. ~V1 ~V2 ~V2 {15 25}
224. okH2 NoLeakH2 LowTemp ~V1 ~V2 {22 30}
225. ReactorUnitSafe l ~V1 ~NoLeakH2 ~okH1 {36 38}
226. NoLeakH2 l LowTemp ~NoLeakH1 NoLeak {22 34}
227. NoLeakH1 NoLeakH1 ~NoLeak ReactorUnitSafe l {17 36}
228. ReactorUnitSafe ~NoLeakH1 ~NoLeakH2 ~l ~V2 {40 41}
229. ~V2 LowTemp okH2 NoLeakH2 ~V1 LowTemp {9 37}
230. ~V1 ReactorUnitSafe ~NoLeakH1 ~NoLeakH2 {23 40}
231. ~NoLeak ReactorUnitSafe ~V2 okH2 NoLeakH2 ~V1 LowTemp {32 37}
232. NoLeakH2 NoLeakH2 okH1 NoLeakH1 ~l LowTemp {19 33}
233. okH1 NoLeakH1 LowTemp ~V2 LowTemp {18 41}
234. okH1 V1 NoLeak ~okH2 {4 34}
235. ~LowTemp ReactorUnitSafe ~NoLeakH2 {20 40}
236. ~l ~V2 LowTemp ~NoLeakH2 NoLeak okH1 {7 31}
237. ~NoLeakH1 NoLeak okH2 ~l LowTemp {28 41}
238. LowTemp ~NoLeakH1 NoLeak okH2 {16 28}
239. ~V1 ~V2 LowTemp ~NoLeak ReactorUnitSafe ~V1 {7 36}
240. ~NoLeakH1 okH2 V2 ReactorUnitSafe l ~V2 {28 32}
241. okH1 NoLeakH1 ~V2 LowTemp ~V2 LowTemp {4 25}
242. okH2 NoLeakH2 ~V1 LowTemp ~V1 LowTemp {6 27}
243. l LowTemp ~NoLeakH2 NoLeak okH1 {8 31}
244. ~NoLeak ReactorUnitSafe ~V2 ~NoLeak ReactorUnitSafe ~V1 ~V2 {32 35}
245. okH1 NoLeakH1 okH2 NoLeakH2 ~l LowTemp {4 37}
246. NoLeakH1 ~l ~V2 LowTemp ~NoLeakH2 NoLeak {33 38}
247. ~l ~V2 {13 30}
248. ~l ~V2 LowTemp NoLeakH1 NoLeakH1 {7 17}
249. LowTemp {13 23}
250. okH2 l LowTemp NoLeak ~okH1 {22 38}
251. ~V1 LowTemp okH1 NoLeakH1 ~V2 LowTemp {8 33}
252. ~okH1 ~LowTemp ReactorUnitSafe ~NoLeakH2 {3 40}
253. ~NoLeak ReactorUnitSafe ~V1 okH2 NoLeakH2 ~V1 LowTemp {36 37}
254. LowTemp NoLeakH2 {16 29}
255. NoLeakH2 ~NoLeakH1 NoLeak V2 {5 28}
256. NoLeakH2 okH1 NoLeakH1 ~l LowTemp {29 33}
257. okH1 NoLeakH1 LowTemp okH2 NoLeakH2 ~V1 LowTemp {18 37}
258. ~V1 ~V2 LowTemp LowTemp {7 39}
259. ~V1 LowTemp ~V1 LowTemp NoLeakH2 {27 29}
260. okH1 V1 NoLeak okH2 V2 {4 28}
261. okH2 V2 ~LowTemp ReactorUnitSafe ~NoLeakH1 {6 40}
262. NoLeakH2 ~l LowTemp {29 41}
263. ~NoLeakH1 ~NoLeakH2 ReactorUnitSafe l ~V2 {2 32}
264. okH1 l LowTemp ~LowTemp ReactorUnitSafe ~NoLeakH2 {18 40}
265. okH1 l LowTemp NoLeak okH2 V2 {18 28}
266. NoLeakH2 ~l ~V1 LowTemp {11 37}
267. ~LowTemp ReactorUnitSafe ~NoLeakH1 ~okH2 {1 34}
268. NoLeakH1 NoLeakH1 ~V2 LowTemp ~V2 LowTemp {17 25}
269. NoLeakH2 NoLeakH2 ~V1 LowTemp ~V1 LowTemp {19 27}
270. ~NoLeakH1 NoLeak okH2 l LowTemp {2 22}
271. NoLeakH1 NoLeakH1 ~V2 LowTemp LowTemp {17 27}
272. False {10 53}
Size of final clause set: 272