intial clauses before resolving
1. ReactorUnitSafe ~LowTemp ~NoLeak {}
2. NoLeak ~NoLeakH1 ~NoLeakH2 {}
3. NoLeakH1 ~okH1 {}
4. NoLeakH1 V1 okH1 {}
5. NoLeakH2 ~okH2 {}
6. NoLeakH2 V2 okH2 {}
7. LowTemp ~V1 ~V2 ~l {}
8. LowTemp l ~V1 {}
9. LowTemp l ~V2 {}
10. ~l {}
11. ~okH2 {}
12. okH1 {}
13. V1 {}
14. ~V2 {}
15. ~ReactorUnitSafe {}
Size of final clause set: 15
-------------------------------
1. ReactorUnitSafe ~LowTemp ~NoLeak {}
15. ~ReactorUnitSafe {}
16. ReactorUnitSafe l ~NoLeak ~V2 {1 9}
19. ReactorUnitSafe ~LowTemp ~NoLeakH1 ~NoLeakH2 {1 2}
20. ReactorUnitSafe l ~NoLeak ~V1 {1 8}
33. ReactorUnitSafe ~NoLeak ~V1 ~V2 ~l {1 7}
38. ReactorUnitSafe l okH2 ~NoLeakH1 {16 29}
39. ReactorUnitSafe l ~NoLeakH1 ~V1 ~okH2 {20 31}
42. NoLeakH1 ReactorUnitSafe l ~NoLeak {20 22}
45. NoLeakH2 ReactorUnitSafe okH2 ~NoLeak ~V1 ~l {6 33}
46. ReactorUnitSafe ~NoLeak ~V1 {1 35}
48. ReactorUnitSafe ~LowTemp ~NoLeakH1 ~okH2 {1 31}
51. NoLeakH2 ReactorUnitSafe ~NoLeak ~V1 ~l {32 33}
55. ReactorUnitSafe V2 l okH2 ~NoLeakH1 ~V1 {20 29}
57. ReactorUnitSafe ~NoLeakH1 ~NoLeakH2 ~V2 ~l {19 27}
58. ReactorUnitSafe ~NoLeakH1 ~NoLeakH2 ~V2 {19 34}
61. NoLeakH2 ReactorUnitSafe l okH2 ~NoLeak {1 18}
63. ReactorUnitSafe ~NoLeakH1 ~V1 ~V2 ~l ~okH2 {31 33}
64. LowTemp ReactorUnitSafe ~NoLeak ~V1 ~V2 {9 33}
68. LowTemp NoLeakH1 ReactorUnitSafe okH1 ~NoLeak ~V1 ~V2 {20 37}
72. LowTemp NoLeakH2 ReactorUnitSafe okH2 ~NoLeak ~V1 ~V2 {18 33}
80. ReactorUnitSafe V2 okH2 ~LowTemp ~NoLeakH1 {6 19}
84. ReactorUnitSafe l ~NoLeakH1 ~V2 ~okH2 {16 31}
86. ReactorUnitSafe l okH1 ~NoLeakH2 {20 25}
91. ReactorUnitSafe l ~NoLeakH1 ~NoLeakH2 ~V2 {2 16}
92. ReactorUnitSafe l ~NoLeakH1 ~NoLeakH2 {19 36}
93. ReactorUnitSafe l ~NoLeakH2 ~V2 ~okH1 {16 21}
94. ReactorUnitSafe V1 okH1 ~LowTemp ~NoLeakH2 {4 19}
99. ReactorUnitSafe V2 ~LowTemp ~NoLeakH1 {19 32}
100. LowTemp NoLeakH1 ReactorUnitSafe okH1 ~NoLeak ~V2 {16 37}
101. ReactorUnitSafe okH2 ~LowTemp ~NoLeakH1 {19 24}
104. ReactorUnitSafe ~NoLeak ~V1 ~V2 {20 33}
107. LowTemp ReactorUnitSafe ~NoLeak ~V2 {16 27}
115. ReactorUnitSafe ~NoLeak ~V2 {10 16}
118. ReactorUnitSafe l ~NoLeak {1 36}
121. NoLeakH1 ReactorUnitSafe l okH1 ~NoLeak {4 20}
122. ReactorUnitSafe ~LowTemp ~NoLeakH2 ~okH1 {3 19}
124. ReactorUnitSafe okH1 ~NoLeakH2 ~V2 ~l {19 37}
127. ReactorUnitSafe V1 l okH1 ~NoLeakH2 ~V2 {16 25}
129. NoLeakH1 ReactorUnitSafe ~NoLeak ~V2 ~l {22 33}
134. ReactorUnitSafe okH2 ~NoLeakH1 ~V1 ~l {29 33}
137. NoLeakH2 ReactorUnitSafe l ~NoLeak {16 32}
138. LowTemp NoLeakH2 ReactorUnitSafe okH2 ~NoLeak ~V1 {17 20}
139. ReactorUnitSafe l ~NoLeakH2 ~V1 ~okH1 {20 21}
140. ReactorUnitSafe ~NoLeakH1 ~NoLeakH2 ~V1 {19 35}
145. ReactorUnitSafe l ~NoLeakH1 ~NoLeakH2 ~V1 {2 20}
146. NoLeakH1 ReactorUnitSafe okH1 ~NoLeak ~V2 ~l {1 37}
147. ReactorUnitSafe ~LowTemp ~NoLeakH2 {19 26}
152. ReactorUnitSafe ~NoLeakH1 ~NoLeakH2 ~V1 ~V2 {19 23}
155. ReactorUnitSafe ~NoLeakH1 ~NoLeakH2 ~V1 ~V2 ~l {7 19}
156. ReactorUnitSafe ~NoLeak ~V2 ~l {13 33}
162. ReactorUnitSafe V1 ~LowTemp ~NoLeakH2 {19 22}
164. ReactorUnitSafe ~NoLeakH2 ~V1 ~V2 ~l ~okH1 {21 33}
165. ReactorUnitSafe okH2 ~V2 ~l {101 142}
167. ReactorUnitSafe ~NoLeak ~NoLeakH1 ~V1 ~V2 ~okH2 {84 119}
169. NoLeak ReactorUnitSafe l okH2 ~NoLeakH2 ~okH1 {88 93}
170. ReactorUnitSafe okH2 ~LowTemp ~NoLeakH1 ~NoLeakH2 ~V1 {80 152}
172. NoLeakH1 ReactorUnitSafe ~NoLeakH2 ~V2 ~l {142 147}
175. LowTemp NoLeak ReactorUnitSafe ~NoLeakH2 ~V2 {93 112}
176. LowTemp ReactorUnitSafe okH1 ~V2 ~l {124 128}
177. ReactorUnitSafe V1 okH1 ~NoLeak ~NoLeakH2 ~V2 {127 156}
178. ReactorUnitSafe okH1 ~NoLeak ~NoLeakH2 ~V1 ~V2 {20 124}
180. NoLeakH2 ReactorUnitSafe l ~NoLeakH1 ~V1 {24 39}
181. NoLeak ReactorUnitSafe V2 l ~NoLeakH1 {40 55}
183. LowTemp ReactorUnitSafe okH2 ~V2 {38 142}
184. NoLeak ReactorUnitSafe okH2 ~NoLeakH1 ~NoLeakH2 ~l ~okH1 {57 106}
185. ReactorUnitSafe okH2 ~LowTemp ~NoLeak ~V1 ~l ~okH1 {97 122}
189. NoLeakH2 ReactorUnitSafe okH2 ~NoLeak ~V1 ~V2 {33 159}
193. NoLeak ReactorUnitSafe ~NoLeakH1 ~V1 ~l ~okH1 ~okH2 {63 78}
194. NoLeakH1 ReactorUnitSafe okH1 ~NoLeak ~V2 {105 129}
195. LowTemp NoLeakH2 ReactorUnitSafe okH2 ~NoLeak ~V2 {13 72}
197. LowTemp NoLeak ReactorUnitSafe ~NoLeakH1 ~V1 {39 76}
199. NoLeakH1 ReactorUnitSafe ~NoLeakH2 ~V2 {104 130}
200. ReactorUnitSafe V1 l okH1 okH2 {114 118}
204. NoLeak ReactorUnitSafe okH2 ~NoLeakH2 ~V2 ~l {101 103}
205. ReactorUnitSafe ~NoLeakH1 ~V1 ~V2 ~l {47 155}
206. ReactorUnitSafe okH1 ~NoLeak ~NoLeakH2 ~V2 {57 105}
207. ReactorUnitSafe V1 l okH1 ~V2 ~okH2 {4 84}
208. LowTemp NoLeakH1 ReactorUnitSafe V1 okH1 ~V2 ~okH2 {40 100}
209. NoLeak ReactorUnitSafe l ~NoLeakH1 ~V1 {132 145}
211. ReactorUnitSafe okH2 ~V1 ~okH1 {104 106}
212. ReactorUnitSafe okH2 ~NoLeak ~NoLeakH1 ~V1 {45 92}
214. LowTemp NoLeakH2 ReactorUnitSafe l okH2 ~NoLeakH1 ~V1 {52 61}
216. NoLeakH2 ReactorUnitSafe ~NoLeak ~V1 {51 90}
217. NoLeakH2 ReactorUnitSafe V2 l ~NoLeakH1 ~V1 {20 120}
218. ReactorUnitSafe okH2 ~NoLeakH1 ~l {1 89}
222. LowTemp NoLeakH2 ReactorUnitSafe okH1 okH2 ~V1 ~l {45 79}
224. NoLeakH1 NoLeakH2 ReactorUnitSafe okH1 okH2 ~NoLeak ~V1 {45 105}
228. LowTemp NoLeak ReactorUnitSafe l ~NoLeakH1 ~V1 ~okH1 {82 139}
229. LowTemp ReactorUnitSafe ~V1 ~V2 ~okH2 {39 142}
231. LowTemp ReactorUnitSafe okH2 ~NoLeakH1 ~V2 {91 136}
232. LowTemp ReactorUnitSafe l okH2 ~V2 ~okH1 {18 93}
233. NoLeak ReactorUnitSafe V2 ~LowTemp ~NoLeakH1 ~okH1 {120 122}
234. LowTemp NoLeak ReactorUnitSafe okH1 ~NoLeakH1 ~NoLeakH2 ~V1 ~V2 {151 155}
235. ReactorUnitSafe okH1 ~LowTemp ~NoLeak ~l {51 94}
237. NoLeakH2 ReactorUnitSafe l ~NoLeakH1 {6 84}
238. LowTemp NoLeak ReactorUnitSafe okH1 ~NoLeakH2 ~V2 {124 151}
239. ReactorUnitSafe okH2 ~NoLeak ~NoLeakH1 ~V1 ~V2 {33 38}
240. LowTemp ReactorUnitSafe okH1 ~V2 ~l ~okH2 {95 115}
241. LowTemp NoLeakH2 ReactorUnitSafe okH1 ~V1 {39 113}
244. LowTemp ReactorUnitSafe okH1 okH2 ~V2 {58 85}
246. LowTemp NoLeakH2 ReactorUnitSafe l ~NoLeakH1 ~V2 {77 84}
248. LowTemp ReactorUnitSafe okH1 okH2 ~V2 ~l {59 124}
250. LowTemp ReactorUnitSafe l ~NoLeakH1 ~V1 {54 92}
251. NoLeakH2 ReactorUnitSafe l ~LowTemp ~NoLeak ~NoLeakH1 {61 148}
252. NoLeak ReactorUnitSafe okH1 ~NoLeakH1 ~V2 ~l ~okH2 {63 144}
254. LowTemp ReactorUnitSafe l okH1 okH2 ~V2 {38 75}
255. ReactorUnitSafe okH1 okH2 ~LowTemp ~NoLeak ~V2 ~l {101 146}
256. ReactorUnitSafe V2 okH2 ~NoLeakH1 ~V1 {10 55}
258. ReactorUnitSafe V1 ~LowTemp ~okH2 {22 48}
262. ReactorUnitSafe l okH2 ~NoLeakH1 ~NoLeakH2 ~V1 {55 152}
263. NoLeakH1 ReactorUnitSafe ~NoLeak ~NoLeakH2 ~V1 ~V2 ~l {146 164}
264. ReactorUnitSafe l okH2 ~NoLeak ~NoLeakH1 ~V1 {61 145}
266. ReactorUnitSafe okH2 ~l {19 116}
267. LowTemp NoLeakH2 ReactorUnitSafe okH1 okH2 ~V1 ~V2 ~l {85 134}
269. NoLeak ReactorUnitSafe okH1 ~NoLeakH1 ~NoLeakH2 ~V2 ~okH2 {48 67}
271. LowTemp NoLeakH2 ReactorUnitSafe ~NoLeakH1 ~V1 {118 154}
273. ReactorUnitSafe ~NoLeakH2 ~V2 ~l ~okH1 {3 57}
274. ReactorUnitSafe ~NoLeakH1 ~NoLeakH2 {13 140}
276. LowTemp NoLeakH1 ReactorUnitSafe okH1 ~NoLeakH2 ~V2 {37 86}
277. ReactorUnitSafe V2 l ~NoLeakH1 ~V1 {20 73}
278. LowTemp NoLeakH1 NoLeakH2 ReactorUnitSafe okH1 okH2 ~NoLeak {4 138}
279. LowTemp NoLeakH2 ReactorUnitSafe l okH2 ~NoLeakH1 {96 137}
280. ReactorUnitSafe l okH1 okH2 ~NoLeak {38 105}
281. NoLeak NoLeakH1 ReactorUnitSafe V1 l ~NoLeakH2 {158 162}
283. LowTemp ReactorUnitSafe okH1 ~NoLeakH2 ~V2 {9 124}
284. LowTemp NoLeakH1 ReactorUnitSafe V1 okH1 ~NoLeakH2 ~V2 {100 131}
285. LowTemp NoLeak ReactorUnitSafe okH1 ~NoLeakH1 ~V2 {63 117}
287. ReactorUnitSafe ~NoLeakH1 ~V1 ~V2 ~okH2 {39 63}
288. LowTemp ReactorUnitSafe okH1 okH2 ~V1 ~V2 ~l {68 89}
290. NoLeak ReactorUnitSafe V2 l okH2 ~NoLeakH1 {96 99}
291. LowTemp NoLeakH1 NoLeakH2 ReactorUnitSafe okH1 okH2 ~NoLeak ~V1 {20 113}
292. LowTemp NoLeakH1 ReactorUnitSafe okH2 ~V1 ~V2 ~l {85 164}
293. NoLeakH2 ReactorUnitSafe V2 l okH2 ~NoLeakH1 {61 120}
294. ReactorUnitSafe V2 l okH1 okH2 {28 80}
295. LowTemp ReactorUnitSafe l okH2 {42 96}
296. ReactorUnitSafe l okH2 ~LowTemp ~NoLeak {61 147}
301. NoLeak ReactorUnitSafe V1 okH2 ~NoLeakH1 ~NoLeakH2 ~l {57 109}
302. LowTemp ReactorUnitSafe l okH1 ~NoLeak ~NoLeakH2 ~V2 {91 100}
306. LowTemp ReactorUnitSafe l ~NoLeakH2 {92 149}
308. NoLeak ReactorUnitSafe V1 ~LowTemp ~NoLeakH1 {40 101}
310. LowTemp ReactorUnitSafe l okH1 okH2 ~V1 {55 133}
312. LowTemp ReactorUnitSafe l okH1 ~V1 ~V2 ~okH2 {39 133}
314. ReactorUnitSafe ~NoLeakH2 ~V2 {104 131}
316. LowTemp ReactorUnitSafe okH1 ~NoLeak ~NoLeakH2 ~V1 ~V2 {58 68}
317. LowTemp ReactorUnitSafe okH1 okH2 ~V1 ~V2 {67 138}
318. NoLeak ReactorUnitSafe l okH2 ~NoLeakH1 {96 101}
320. LowTemp ReactorUnitSafe okH2 ~NoLeakH1 ~V1 ~V2 ~l {52 156}
321. LowTemp ReactorUnitSafe l ~V2 ~okH2 {84 111}
322. ReactorUnitSafe ~LowTemp {47 147}
323. NoLeakH1 ReactorUnitSafe okH1 ~NoLeak ~V1 ~V2 {30 68}
324. LowTemp ReactorUnitSafe okH2 ~V1 ~V2 ~l ~okH1 {71 115}
325. NoLeakH2 ReactorUnitSafe okH2 ~NoLeak ~V1 {45 90}
326. NoLeak ReactorUnitSafe okH2 ~NoLeakH1 ~NoLeakH2 ~l {57 88}
328. LowTemp ReactorUnitSafe okH2 ~NoLeakH1 ~V1 ~V2 {52 115}
329. ReactorUnitSafe ~l {73 129}
331. NoLeak ReactorUnitSafe V1 V2 l okH1 okH2 ~NoLeakH1 {99 117}
332. LowTemp NoLeakH2 ReactorUnitSafe l okH2 ~NoLeakH1 ~V1 ~V2 {72 82}
333. NoLeak ReactorUnitSafe V1 l ~NoLeakH2 ~V2 {91 130}
335. ReactorUnitSafe okH1 ~NoLeakH1 ~NoLeakH2 ~V1 ~V2 {86 155}
338. LowTemp NoLeakH2 ReactorUnitSafe ~NoLeakH1 ~V1 ~V2 ~l {115 154}
341. LowTemp NoLeakH2 ReactorUnitSafe l okH1 okH2 ~V1 {55 85}
343. NoLeak ReactorUnitSafe ~NoLeakH2 {66 122}
345. NoLeakH1 ReactorUnitSafe V1 okH1 ~NoLeak ~NoLeakH2 ~V2 {127 141}
347. ReactorUnitSafe okH1 ~NoLeak ~V2 {124 137}
348. ReactorUnitSafe ~NoLeak ~NoLeakH2 ~V2 ~okH1 {60 93}
349. NoLeak ReactorUnitSafe okH2 ~NoLeakH1 ~V1 {52 101}
350. ReactorUnitSafe ~NoLeak ~NoLeakH1 ~V1 ~V2 ~l {51 58}
351. ReactorUnitSafe okH1 ~NoLeak ~NoLeakH2 ~V1 ~V2 ~l {146 155}
352. ReactorUnitSafe okH1 ~LowTemp ~NoLeakH1 ~NoLeakH2 {140 163}
353. NoLeakH1 ReactorUnitSafe l ~NoLeak ~NoLeakH2 ~V2 {93 105}
354. LowTemp ReactorUnitSafe l okH2 ~NoLeak ~V1 ~okH1 {138 139}
356. NoLeak ReactorUnitSafe l ~NoLeakH1 {38 65}
358. LowTemp NoLeakH2 ReactorUnitSafe okH1 ~V1 ~V2 ~l {63 113}
359. NoLeak ReactorUnitSafe V2 l ~NoLeakH1 ~V1 {120 145}
360. NoLeak ReactorUnitSafe V1 ~LowTemp ~NoLeakH2 {25 122}
361. ReactorUnitSafe okH1 okH2 ~NoLeak ~V1 {53 68}
362. LowTemp ReactorUnitSafe ~NoLeakH1 ~NoLeakH2 ~V1 ~V2 {8 155}
366. LowTemp NoLeak ReactorUnitSafe okH1 okH2 ~NoLeakH1 ~NoLeakH2 ~V2 {79 91}
368. LowTemp NoLeakH1 ReactorUnitSafe V1 okH1 okH2 ~V2 {116 127}
373. ReactorUnitSafe V1 okH1 ~LowTemp ~okH2 {1 144}
374. NoLeak ReactorUnitSafe okH1 ~NoLeakH1 ~NoLeakH2 ~V2 ~l {25 155}
376. LowTemp ReactorUnitSafe okH2 ~NoLeak ~V1 ~V2 ~l ~okH1 {72 164}
377. NoLeak NoLeakH2 ReactorUnitSafe l okH2 ~NoLeakH1 {82 101}
379. NoLeak ReactorUnitSafe ~NoLeakH2 ~V2 {130 152}
381. ReactorUnitSafe okH2 ~NoLeakH1 ~NoLeakH2 ~V1 ~V2 ~okH1 {93 134}
383. LowTemp ReactorUnitSafe okH1 okH2 ~V1 {29 68}
386. ReactorUnitSafe ~NoLeakH2 ~V2 ~okH1 {21 115}
387. NoLeak ReactorUnitSafe okH1 ~NoLeakH1 ~NoLeakH2 {25 140}
391. ReactorUnitSafe V1 okH1 ~NoLeakH2 ~V2 {25 115}
392. LowTemp NoLeakH2 ReactorUnitSafe okH1 okH2 {61 79}
393. LowTemp NoLeakH2 ReactorUnitSafe okH2 ~V1 ~l ~okH1 {45 71}
395. LowTemp ReactorUnitSafe ~NoLeakH1 ~V1 {87 92}
396. ReactorUnitSafe ~V2 ~l ~okH2 {33 40}
398. LowTemp ReactorUnitSafe l okH1 okH2 {61 66}
399. ReactorUnitSafe ~NoLeakH2 ~V1 ~V2 {23 147}
400. LowTemp NoLeak ReactorUnitSafe V1 l okH1 ~NoLeakH1 ~V2 {82 127}
401. LowTemp NoLeak ReactorUnitSafe l okH1 okH2 ~NoLeakH1 ~NoLeakH2 {117 145}
403. NoLeak ReactorUnitSafe V1 l okH2 ~NoLeakH2 ~okH1 {126 162}
405. ReactorUnitSafe l okH1 ~okH2 {28 48}
406. LowTemp NoLeak ReactorUnitSafe l ~NoLeakH1 ~V1 {39 52}
407. LowTemp NoLeakH1 ReactorUnitSafe okH2 ~V1 ~V2 ~l ~okH1 {71 129}
408. ReactorUnitSafe l ~LowTemp ~NoLeakH1 {53 84}
410. NoLeakH1 ReactorUnitSafe okH2 ~l {106 146}
412. NoLeak ReactorUnitSafe ~NoLeakH1 ~V1 {48 52}
413. ReactorUnitSafe okH1 ~LowTemp ~NoLeak ~V2 ~l ~okH2 {146 148}
415. NoLeak ReactorUnitSafe l okH2 ~NoLeakH2 {114 139}
416. ReactorUnitSafe okH2 ~LowTemp ~okH1 {1 102}
417. ReactorUnitSafe okH1 ~LowTemp ~NoLeak ~NoLeakH2 ~V2 {70 94}
420. NoLeakH2 ReactorUnitSafe ~l {120 129}
421. ReactorUnitSafe ~NoLeak ~NoLeakH2 ~V2 ~l {58 129}
424. NoLeak ReactorUnitSafe okH1 ~NoLeakH1 ~NoLeakH2 ~V2 ~l ~okH2 {48 112}
425. LowTemp NoLeak ReactorUnitSafe l ~NoLeakH1 ~V2 {84 96}
426. ReactorUnitSafe okH2 ~LowTemp ~NoLeakH1 ~NoLeakH2 ~l {134 162}
427. LowTemp ReactorUnitSafe okH2 ~NoLeak ~NoLeakH1 ~V1 ~V2 {138 152}
430. LowTemp ReactorUnitSafe V1 okH1 ~NoLeakH2 ~V2 {25 107}
431. ReactorUnitSafe ~NoLeakH1 ~V2 ~l ~okH2 {27 48}
432. NoLeakH1 ReactorUnitSafe V2 l okH1 okH2 {88 121}
434. ReactorUnitSafe l ~NoLeakH2 ~V1 {86 139}
436. ReactorUnitSafe l ~NoLeakH2 ~V2 {127 139}
437. LowTemp NoLeakH1 NoLeakH2 ReactorUnitSafe okH1 ~NoLeak {118 153}
438. ReactorUnitSafe ~LowTemp ~NoLeakH2 ~V2 ~l {124 143}
439. LowTemp NoLeak ReactorUnitSafe okH1 ~NoLeakH1 ~V1 ~V2 ~l {124 154}
442. NoLeakH1 ReactorUnitSafe V1 V2 l okH1 okH2 {69 121}
445. NoLeakH1 ReactorUnitSafe V1 okH1 ~l {50 146}
447. NoLeakH2 ReactorUnitSafe V1 l okH1 okH2 {114 137}
448. NoLeak ReactorUnitSafe ~NoLeakH1 ~NoLeakH2 ~l ~okH1 {57 78}
450. LowTemp ReactorUnitSafe okH2 ~NoLeakH1 ~V1 {7 55}
451. LowTemp ReactorUnitSafe l okH1 ~NoLeak ~V1 ~V2 ~okH2 {39 68}
452. ReactorUnitSafe okH2 ~NoLeakH1 {6 58}
453. LowTemp NoLeakH2 ReactorUnitSafe okH2 ~NoLeakH1 {89 137}
454. LowTemp NoLeakH2 ReactorUnitSafe okH2 ~NoLeakH1 ~V1 {29 72}
455. ReactorUnitSafe V2 l ~V1 ~okH1 {32 139}
456. NoLeakH2 ReactorUnitSafe ~NoLeak ~NoLeakH1 ~V1 {138 148}
457. NoLeakH2 ReactorUnitSafe ~V1 ~l {45 65}
458. NoLeakH1 ReactorUnitSafe ~NoLeak ~V1 ~V2 {33 42}
459. LowTemp NoLeak ReactorUnitSafe ~NoLeakH1 ~V1 ~V2 ~l {63 74}
463. NoLeak ReactorUnitSafe V1 V2 ~LowTemp ~NoLeakH2 {50 122}
465. ReactorUnitSafe okH2 ~NoLeakH1 ~NoLeakH2 ~V1 {55 57}
466. ReactorUnitSafe V1 okH1 okH2 ~LowTemp {4 101}
467. ReactorUnitSafe okH2 {101 149}
469. LowTemp NoLeakH1 ReactorUnitSafe l ~NoLeakH2 ~V2 {28 93}
470. ReactorUnitSafe okH1 okH2 ~NoLeakH1 ~NoLeakH2 ~V2 {38 124}
474. NoLeakH2 ReactorUnitSafe V1 V2 l okH1 okH2 {61 69}
475. NoLeakH2 ReactorUnitSafe ~NoLeak ~NoLeakH1 ~V1 ~V2 {84 97}
476. ReactorUnitSafe okH2 ~LowTemp ~NoLeak ~l {53 129}
477. LowTemp ReactorUnitSafe l okH2 ~NoLeakH1 ~V2 {96 107}
478. LowTemp ReactorUnitSafe V1 okH1 okH2 ~V2 {117 156}
482. ReactorUnitSafe l ~NoLeak ~NoLeakH1 ~V1 {137 145}
483. LowTemp NoLeakH1 ReactorUnitSafe ~V1 {139 153}
486. NoLeak ReactorUnitSafe okH1 ~NoLeakH1 ~V2 ~l {63 114}
487. NoLeakH1 ReactorUnitSafe okH1 ~NoLeak ~NoLeakH2 ~V1 ~V2 {68 147}
488. ReactorUnitSafe okH1 okH2 ~LowTemp ~NoLeakH1 ~NoLeakH2 ~l {53 124}
489. ReactorUnitSafe l ~NoLeakH2 ~okH1 {21 118}
490. LowTemp ReactorUnitSafe V1 l okH1 okH2 ~V2 {18 127}
493. LowTemp NoLeak ReactorUnitSafe okH2 ~NoLeakH2 ~V2 {124 126}
494. LowTemp NoLeakH2 ReactorUnitSafe ~NoLeak {56 137}
496. LowTemp ReactorUnitSafe okH1 ~V1 ~V2 ~l {51 112}
498. ReactorUnitSafe V2 ~LowTemp {26 99}
500. NoLeakH2 ReactorUnitSafe ~NoLeak ~NoLeakH1 ~V1 ~okH2 {39 51}
501. ReactorUnitSafe l okH1 ~NoLeak ~NoLeakH2 {92 121}
504. LowTemp ReactorUnitSafe ~NoLeakH2 ~V1 ~V2 ~okH1 {21 64}
505. LowTemp ReactorUnitSafe V2 l okH1 okH2 ~V1 {55 108}
508. NoLeak ReactorUnitSafe okH1 okH2 ~NoLeakH1 ~NoLeakH2 ~l {19 79}
511. LowTemp ReactorUnitSafe V1 okH1 ~V2 {56 127}
512. NoLeak ReactorUnitSafe l okH1 ~NoLeakH1 ~NoLeakH2 ~okH2 {19 161}
513. NoLeakH2 ReactorUnitSafe okH1 okH2 {85 99}
516. ReactorUnitSafe V2 ~LowTemp ~okH1 {32 122}
518. ReactorUnitSafe l okH2 ~LowTemp ~NoLeakH1 ~NoLeakH2 {80 91}
521. NoLeak ReactorUnitSafe ~NoLeakH1 {58 120}
522. LowTemp NoLeak ReactorUnitSafe okH1 ~NoLeakH1 ~V1 {134 161}
523. NoLeakH1 ReactorUnitSafe ~NoLeak {1 149}
524. LowTemp ReactorUnitSafe ~NoLeakH2 ~V2 ~l {58 142}
525. ReactorUnitSafe ~okH2 {40 46}
529. NoLeak ReactorUnitSafe l ~NoLeakH1 ~okH2 {39 40}
530. NoLeakH1 ReactorUnitSafe okH1 ~NoLeak {4 46}
531. ReactorUnitSafe ~NoLeakH2 ~V2 ~l {2 129}
532. ReactorUnitSafe l ~NoLeakH2 {26 92}
533. NoLeakH2 ReactorUnitSafe V2 ~LowTemp ~NoLeakH1 {5 80}
534. ReactorUnitSafe V2 okH2 ~LowTemp ~okH1 {1 106}
535. ReactorUnitSafe ~NoLeakH1 ~NoLeakH2 ~V1 ~V2 ~okH1 {139 155}
536. LowTemp NoLeak ReactorUnitSafe ~NoLeakH2 ~V1 ~V2 ~l ~okH2 {63 103}
537. LowTemp NoLeakH1 NoLeakH2 ReactorUnitSafe ~NoLeak {42 56}
539. ReactorUnitSafe l ~NoLeak ~NoLeakH2 {42 92}
540. ReactorUnitSafe V2 okH2 ~LowTemp {1 88}
541. LowTemp ReactorUnitSafe l okH2 ~NoLeakH1 ~V1 {18 140}
542. NoLeakH2 ReactorUnitSafe okH2 ~NoLeak ~l {6 156}
546. ReactorUnitSafe ~NoLeak ~NoLeakH1 ~NoLeakH2 ~V2 {92 156}
547. LowTemp NoLeakH1 ReactorUnitSafe okH1 okH2 ~V2 ~l {79 129}
549. NoLeakH1 ReactorUnitSafe V2 l {78 121}
550. ReactorUnitSafe okH1 ~NoLeak ~V1 ~V2 ~okH2 {68 148}
551. LowTemp ReactorUnitSafe ~V2 ~okH1 {56 93}
553. LowTemp ReactorUnitSafe ~V2 ~okH2 {84 142}
554. LowTemp NoLeakH1 ReactorUnitSafe okH1 ~NoLeakH2 ~V2 ~l {67 129}
555. NoLeakH2 ReactorUnitSafe l ~NoLeak ~NoLeakH1 ~V1 {39 61}
559. LowTemp NoLeak ReactorUnitSafe V2 okH1 okH2 ~NoLeakH1 ~V1 {55 79}
562. NoLeak ReactorUnitSafe ~NoLeakH2 ~V2 ~l {21 124}
563. NoLeakH1 ReactorUnitSafe V1 okH1 ~NoLeakH2 ~V2 ~l {37 94}
565. ReactorUnitSafe V1 V2 okH1 okH2 ~LowTemp {6 94}
566. ReactorUnitSafe l okH2 ~okH1 {3 38}
569. NoLeak ReactorUnitSafe ~NoLeakH1 ~V1 ~V2 ~l {132 155}
574. ReactorUnitSafe okH1 ~NoLeakH1 ~NoLeakH2 ~V2 {127 155}
575. ReactorUnitSafe okH1 okH2 ~LowTemp ~NoLeak ~l {53 146}
577. LowTemp ReactorUnitSafe l ~V1 ~V2 ~okH2 {39 123}
578. ReactorUnitSafe ~LowTemp ~NoLeak ~NoLeakH2 {41 162}
581. LowTemp NoLeak ReactorUnitSafe l okH2 ~NoLeakH2 {117 139}
583. ReactorUnitSafe ~NoLeak ~NoLeakH2 ~V1 ~V2 ~okH1 {60 139}
584. ReactorUnitSafe l okH2 ~NoLeak ~NoLeakH1 ~V2 {91 159}
585. LowTemp ReactorUnitSafe l okH1 ~V2 ~okH2 {28 84}
586. NoLeak ReactorUnitSafe ~NoLeakH1 ~NoLeakH2 ~V1 ~l {73 155}
587. LowTemp NoLeak ReactorUnitSafe okH2 ~NoLeakH2 ~V1 ~okH1 {71 139}
590. LowTemp NoLeakH2 ReactorUnitSafe okH1 ~V1 ~okH2 {51 161}
593. ReactorUnitSafe okH1 ~LowTemp ~NoLeak ~NoLeakH2 {41 94}
594. NoLeakH2 ReactorUnitSafe V2 okH2 ~NoLeakH1 {77 80}
596. ReactorUnitSafe V1 l okH1 ~LowTemp ~NoLeak {137 163}
599. ReactorUnitSafe l okH1 okH2 {28 101}
601. NoLeak ReactorUnitSafe V1 l okH2 ~NoLeakH1 ~NoLeakH2 {91 109}
602. LowTemp ReactorUnitSafe ~NoLeakH1 ~V1 ~V2 ~okH2 {7 39}
603. ReactorUnitSafe ~NoLeakH2 ~V1 ~okH1 {3 140}
604. ReactorUnitSafe V2 l okH2 ~V1 {26 55}
606. ReactorUnitSafe okH1 okH2 {69 104}
607. NoLeak ReactorUnitSafe okH2 ~NoLeakH1 ~NoLeakH2 {29 58}
608. NoLeakH2 ReactorUnitSafe ~NoLeak {10 137}
610. LowTemp NoLeakH2 ReactorUnitSafe ~NoLeak ~V1 {36 51}
612. ReactorUnitSafe okH1 ~LowTemp ~NoLeakH1 ~NoLeakH2 ~V2 ~l {155 163}
613. ReactorUnitSafe ~NoLeak ~V2 ~okH2 {84 129}
616. LowTemp ReactorUnitSafe ~V2 ~okH1 ~okH2 {107 157}
617. LowTemp NoLeakH1 ReactorUnitSafe ~NoLeakH2 ~V1 ~V2 {37 139}
618. LowTemp NoLeakH1 ReactorUnitSafe l okH1 okH2 {100 160}
619. NoLeak ReactorUnitSafe okH2 ~NoLeakH1 ~V1 ~l ~okH1 {71 101}
622. LowTemp NoLeak ReactorUnitSafe ~NoLeakH1 ~V1 ~V2 ~l ~okH1 {63 71}
624. LowTemp ReactorUnitSafe l okH1 ~NoLeakH2 {66 118}
626. LowTemp ReactorUnitSafe ~NoLeakH1 ~V2 ~okH2 {27 84}
627. NoLeak ReactorUnitSafe okH2 ~NoLeakH2 ~V1 ~l ~okH1 {71 147}
628. LowTemp ReactorUnitSafe okH1 ~V1 ~V2 ~l ~okH2 {37 63}
629. ReactorUnitSafe V1 ~NoLeakH2 ~V2 ~l {27 162}
630. NoLeak ReactorUnitSafe okH1 okH2 ~NoLeakH1 ~NoLeakH2 {52 94}
632. LowTemp ReactorUnitSafe ~NoLeakH1 ~V2 ~l {56 58}
633. NoLeakH1 ReactorUnitSafe okH1 ~NoLeakH2 ~V2 ~l {83 146}
634. NoLeak ReactorUnitSafe V2 l okH1 ~NoLeakH1 {86 120}
635. LowTemp NoLeakH1 ReactorUnitSafe l okH2 ~V2 {100 126}
636. LowTemp ReactorUnitSafe l okH1 okH2 ~NoLeak ~V1 {55 100}
640. ReactorUnitSafe ~V1 ~V2 ~l ~okH2 {26 63}
644. LowTemp NoLeakH1 ReactorUnitSafe okH2 ~V2 ~okH1 {126 129}
646. NoLeak ReactorUnitSafe V2 l ~NoLeakH1 ~V1 ~okH1 {120 139}
648. NoLeakH2 ReactorUnitSafe okH2 ~NoLeak ~NoLeakH1 ~V1 {61 134}
649. ReactorUnitSafe l okH2 ~NoLeak ~V2 ~okH1 {61 93}
650. LowTemp NoLeakH1 ReactorUnitSafe okH1 okH2 ~V2 {68 114}
651. NoLeak ReactorUnitSafe V1 V2 okH2 ~LowTemp ~NoLeakH2 {69 122}
653. ReactorUnitSafe okH1 okH2 ~NoLeak ~V1 ~V2 ~l {97 124}
654. NoLeakH1 ReactorUnitSafe ~NoLeak ~NoLeakH2 ~V2 {93 141}
655. NoLeak ReactorUnitSafe l okH1 ~NoLeakH1 ~NoLeakH2 {25 145}
656. NoLeakH2 ReactorUnitSafe V2 ~NoLeakH1 ~V1 {54 99}
661. LowTemp NoLeakH2 ReactorUnitSafe okH1 ~V2 ~okH2 {95 137}
662. ReactorUnitSafe okH1 ~NoLeakH2 ~V2 {23 94}
663. ReactorUnitSafe l okH1 ~NoLeak ~NoLeakH2 ~V2 {58 105}
666. LowTemp NoLeakH1 ReactorUnitSafe okH1 okH2 ~V1 ~V2 ~l {68 79}
668. ReactorUnitSafe okH2 ~V2 {59 147}
669. LowTemp ReactorUnitSafe okH2 ~V1 ~okH1 {17 139}
671. LowTemp NoLeakH1 ReactorUnitSafe ~NoLeak ~V2 {16 142}
674. LowTemp NoLeak ReactorUnitSafe okH1 okH2 ~NoLeakH1 ~NoLeakH2 {86 89}
675. NoLeakH2 ReactorUnitSafe V2 l okH2 ~okH1 {61 78}
676. ReactorUnitSafe l ~LowTemp ~NoLeak ~NoLeakH1 {16 99}
677. ReactorUnitSafe ~NoLeakH1 ~NoLeakH2 ~V1 ~V2 ~okH2 {39 57}
680. LowTemp ReactorUnitSafe l okH2 ~NoLeak ~NoLeakH1 ~V1 {92 138}
685. LowTemp NoLeakH1 ReactorUnitSafe l okH2 ~V1 {81 139}
686. ReactorUnitSafe okH1 okH2 ~V2 ~l {62 146}
687. LowTemp ReactorUnitSafe l okH1 ~NoLeakH2 ~V2 {75 91}
690. LowTemp NoLeak ReactorUnitSafe l ~NoLeakH1 ~V2 ~okH1 {84 126}
691. NoLeakH2 ReactorUnitSafe V2 okH2 ~NoLeakH1 ~V1 {54 80}
694. LowTemp NoLeakH1 ReactorUnitSafe okH1 ~V2 ~l {124 153}
695. ReactorUnitSafe okH1 okH2 ~NoLeak ~V1 ~V2 {68 101}
696. NoLeak ReactorUnitSafe V1 okH2 ~NoLeakH1 ~NoLeakH2 {74 162}
699. NoLeak ReactorUnitSafe ~NoLeakH1 ~V1 ~l ~okH1 {48 71}
700. NoLeakH1 ReactorUnitSafe V1 V2 l okH1 {50 121}
707. NoLeak ReactorUnitSafe okH1 ~NoLeakH1 ~l ~okH2 {95 99}
708. LowTemp NoLeak ReactorUnitSafe l okH1 okH2 ~NoLeakH1 ~NoLeakH2 ~V2 {117 152}
710. NoLeakH1 ReactorUnitSafe V1 l ~NoLeakH2 {42 131}
712. LowTemp NoLeakH2 ReactorUnitSafe okH2 ~NoLeakH1 ~V1 ~V2 {72 132}
714. LowTemp NoLeakH2 ReactorUnitSafe V2 okH1 okH2 ~V1 {55 153}
715. NoLeakH2 ReactorUnitSafe okH2 ~NoLeak ~V2 {61 156}
716. ReactorUnitSafe ~V1 ~l ~okH1 {33 78}
718. LowTemp ReactorUnitSafe ~NoLeakH1 ~V1 ~V2 ~l {128 155}
719. ReactorUnitSafe okH1 ~NoLeak ~V1 ~V2 ~l ~okH2 {63 141}
720. LowTemp ReactorUnitSafe okH1 ~NoLeakH2 ~V2 ~l {66 156}
721. LowTemp ReactorUnitSafe okH1 ~V1 ~l {51 66}
722. ReactorUnitSafe okH1 ~NoLeak ~NoLeakH2 ~V2 ~l {57 146}
724. ReactorUnitSafe l ~V2 ~okH1 ~okH2 {16 157}
725. ReactorUnitSafe okH2 ~NoLeakH1 ~V2 ~l {24 57}
726. LowTemp ReactorUnitSafe okH1 ~V1 {145 153}
727. ReactorUnitSafe ~NoLeak ~NoLeakH1 ~NoLeakH2 ~V1 ~V2 {20 155}
729. ReactorUnitSafe l okH2 ~NoLeakH1 ~V1 {20 62}
730. LowTemp NoLeakH1 ReactorUnitSafe okH1 ~V2 ~okH2 {40 68}
736. ReactorUnitSafe okH2 ~NoLeak ~NoLeakH1 {53 107}
738. NoLeakH2 ReactorUnitSafe l okH1 {121 132}
739. ReactorUnitSafe okH1 okH2 ~l {37 80}
740. NoLeak ReactorUnitSafe l ~NoLeakH2 {19 158}
743. ReactorUnitSafe okH1 okH2 ~NoLeakH1 ~NoLeakH2 ~V1 {86 134}
744. LowTemp NoLeak NoLeakH2 ReactorUnitSafe V2 okH2 ~NoLeakH1 ~V1 {55 154}
745. ReactorUnitSafe ~NoLeakH1 ~V1 {19 54}
747. LowTemp ReactorUnitSafe l okH1 ~V1 ~okH2 {46 161}
748. NoLeakH1 ReactorUnitSafe V1 l okH1 ~okH2 {42 144}
749. LowTemp NoLeakH1 NoLeakH2 ReactorUnitSafe ~NoLeak ~V2 {137 142}
752. NoLeakH2 ReactorUnitSafe okH2 ~l {101 116}
753. LowTemp ReactorUnitSafe ~NoLeakH2 ~V2 {58 149}
754. ReactorUnitSafe ~NoLeak ~NoLeakH1 ~V2 ~okH2 {84 156}
757. LowTemp ReactorUnitSafe okH1 ~NoLeakH2 ~V1 ~V2 ~l {37 155}
758. NoLeak ReactorUnitSafe V1 okH1 ~NoLeakH2 ~V2 ~l {112 162}
759. ReactorUnitSafe okH2 ~LowTemp ~NoLeak ~NoLeakH1 ~V1 {70 80}
760. ReactorUnitSafe l okH2 {101 111}
761. ReactorUnitSafe l okH2 ~NoLeak ~V1 ~okH1 {139 159}
762. NoLeakH2 ReactorUnitSafe okH1 ~l {48 113}
767. LowTemp NoLeakH2 ReactorUnitSafe okH2 ~NoLeak {118 136}
768. ReactorUnitSafe okH2 ~NoLeak ~V2 {72 162}
770. NoLeak ReactorUnitSafe ~NoLeakH1 ~l {57 120}
771. LowTemp NoLeakH2 ReactorUnitSafe ~NoLeak ~V1 ~V2 {11 72}
772. LowTemp NoLeak NoLeakH1 ReactorUnitSafe ~NoLeakH2 ~V2 ~okH1 {93 103}
773. ReactorUnitSafe ~LowTemp ~NoLeak ~NoLeakH1 ~l {99 156}
775. NoLeakH2 ReactorUnitSafe V1 l ~okH2 {40 137}
776. ReactorUnitSafe okH2 ~NoLeakH1 ~V1 ~V2 {19 125}
777. ReactorUnitSafe ~NoLeak ~NoLeakH2 ~V2 {42 57}
781. ReactorUnitSafe V2 l okH1 okH2 ~LowTemp ~NoLeakH1 ~NoLeakH2 {55 163}
782. ReactorUnitSafe l ~LowTemp ~NoLeakH2 {86 143}
783. ReactorUnitSafe okH1 {54 94}
786. NoLeak ReactorUnitSafe V2 l ~NoLeakH2 {78 86}
787. LowTemp NoLeak NoLeakH1 ReactorUnitSafe ~NoLeakH2 ~V1 ~V2 ~okH1 {103 139}
789. NoLeak ReactorUnitSafe V1 l okH1 ~NoLeakH2 ~okH2 {161 162}
792. LowTemp ReactorUnitSafe okH2 ~V1 ~V2 ~l {116 152}
794. NoLeak ReactorUnitSafe V1 l okH1 okH2 ~NoLeakH1 ~NoLeakH2 {94 96}
797. LowTemp NoLeak ReactorUnitSafe okH2 ~NoLeakH1 ~NoLeakH2 ~V2 {57 96}
803. ReactorUnitSafe l ~NoLeak ~NoLeakH2 ~V1 {42 145}
805. LowTemp ReactorUnitSafe okH1 ~NoLeakH2 ~V1 ~V2 {67 104}
806. LowTemp NoLeakH1 ReactorUnitSafe okH2 ~V2 {126 146}
807. ReactorUnitSafe ~NoLeak ~NoLeakH2 ~V1 ~V2 ~l {129 140}
808. NoLeakH1 ReactorUnitSafe V1 l okH1 ~NoLeakH2 {25 42}
810. ReactorUnitSafe okH1 ~V2 ~l ~okH2 {31 146}
811. NoLeakH1 ReactorUnitSafe okH1 okH2 {81 162}
812. LowTemp NoLeak ReactorUnitSafe okH2 ~NoLeakH2 ~V1 {55 103}
813. ReactorUnitSafe okH2 ~V1 ~V2 ~l ~okH1 {24 164}
814. NoLeak ReactorUnitSafe l ~NoLeakH2 ~okH2 {39 130}
816. NoLeakH2 ReactorUnitSafe l okH2 ~NoLeakH1 {49 101}
817. LowTemp ReactorUnitSafe ~NoLeakH1 ~V1 ~V2 {54 152}
819. ReactorUnitSafe V1 okH1 ~NoLeakH2 {94 150}
822. ReactorUnitSafe V1 V2 okH2 ~LowTemp {1 109}
824. LowTemp ReactorUnitSafe l ~NoLeakH2 ~V1 {145 149}
826. ReactorUnitSafe okH2 ~NoLeak ~V1 ~V2 ~l ~okH1 {45 164}
829. LowTemp NoLeakH2 ReactorUnitSafe okH2 ~V1 ~okH1 {72 78}
830. LowTemp NoLeak ReactorUnitSafe okH1 ~NoLeakH1 ~NoLeakH2 ~V2 {92 112}
831. LowTemp ReactorUnitSafe ~NoLeakH2 ~V1 ~V2 {123 140}
834. ReactorUnitSafe V1 V2 okH1 ~LowTemp {1 50}
836. NoLeakH1 ReactorUnitSafe l ~NoLeakH2 {111 147}
839. NoLeak ReactorUnitSafe okH1 okH2 ~NoLeakH1 ~NoLeakH2 ~V2 {67 101}
842. LowTemp NoLeak ReactorUnitSafe l ~NoLeakH2 ~V1 {139 151}
843. NoLeak ReactorUnitSafe V1 l okH1 ~NoLeakH2 {50 127}
847. LowTemp ReactorUnitSafe ~V1 ~V2 ~l ~okH1 {56 164}
852. ReactorUnitSafe ~LowTemp ~NoLeak ~l {51 162}
854. NoLeakH1 ReactorUnitSafe V1 okH1 ~V2 ~l ~okH2 {144 146}
855. NoLeak ReactorUnitSafe V1 okH1 ~NoLeakH1 ~NoLeakH2 ~l {50 57}
856. LowTemp NoLeak ReactorUnitSafe ~NoLeakH1 ~V2 {84 89}
858. ReactorUnitSafe l okH1 ~LowTemp ~NoLeakH1 ~NoLeakH2 ~okH2 {39 163}
860. ReactorUnitSafe V1 l okH1 ~okH2 {118 144}
864. ReactorUnitSafe V2 okH2 ~V1 {46 88}
865. NoLeak ReactorUnitSafe ~NoLeakH1 ~V1 ~V2 ~l ~okH1 {132 164}
868. ReactorUnitSafe okH2 ~V1 {88 104}
870. LowTemp NoLeakH1 ReactorUnitSafe okH1 okH2 ~V1 {68 88}
871. NoLeak ReactorUnitSafe V2 l okH2 ~NoLeakH2 {55 130}
877. LowTemp ReactorUnitSafe okH1 okH2 {29 100}
878. ReactorUnitSafe ~NoLeakH2 ~V1 {26 140}
880. NoLeak ReactorUnitSafe l okH1 ~NoLeakH2 ~okH2 {147 161}
884. ReactorUnitSafe V1 okH2 ~LowTemp {22 101}
888. ReactorUnitSafe V1 okH2 {109 115}
889. LowTemp NoLeakH2 ReactorUnitSafe l okH2 ~V1 ~V2 ~okH1 {72 126}
890. LowTemp ReactorUnitSafe V1 ~NoLeakH2 ~V2 {107 131}
891. LowTemp NoLeak ReactorUnitSafe V2 okH2 ~NoLeakH1 ~V1 {55 76}
892. ReactorUnitSafe okH2 ~V2 ~l ~okH1 {102 156}
893. ReactorUnitSafe okH1 okH2 ~NoLeak {94 138}
896. NoLeakH2 ReactorUnitSafe V1 l {40 61}
897. NoLeak ReactorUnitSafe V1 okH1 okH2 ~NoLeakH1 ~NoLeakH2 ~l {57 69}
900. LowTemp ReactorUnitSafe V1 l okH1 ~V2 {127 128}
901. NoLeakH2 ReactorUnitSafe ~V2 ~l {129 132}
902. NoLeakH2 ReactorUnitSafe okH1 ~l ~okH2 {48 153}
903. LowTemp NoLeakH2 ReactorUnitSafe l ~NoLeakH1 ~V1 ~V2 {84 125}
905. LowTemp ReactorUnitSafe l okH1 ~NoLeak ~V2 ~okH2 {84 100}
906. NoLeakH2 ReactorUnitSafe ~LowTemp ~NoLeakH1 {24 48}
907. ReactorUnitSafe l ~V1 ~okH1 {47 139}
909. ReactorUnitSafe ~NoLeak {13 46}
911. LowTemp NoLeakH1 NoLeakH2 ReactorUnitSafe okH2 ~NoLeak ~V1 {45 111}
912. NoLeakH1 ReactorUnitSafe okH1 ~NoLeakH2 ~V2 {133 162}
913. ReactorUnitSafe ~LowTemp ~NoLeakH1 ~V1 ~l {63 80}
914. NoLeakH1 ReactorUnitSafe V1 okH2 ~l {109 129}
915. ReactorUnitSafe ~NoLeakH1 ~NoLeakH2 ~V1 ~V2 ~okH1 ~okH2 {84 164}
918. LowTemp ReactorUnitSafe ~V1 ~V2 ~okH1 {87 93}
920. NoLeakH2 ReactorUnitSafe ~NoLeak ~V1 ~V2 {119 137}
921. NoLeakH1 ReactorUnitSafe V1 l ~NoLeakH2 ~V2 {4 93}
923. ReactorUnitSafe ~V2 ~okH2 {65 115}
924. NoLeakH1 ReactorUnitSafe V1 okH1 ~NoLeakH2 {94 108}
925. LowTemp NoLeak ReactorUnitSafe l ~NoLeakH2 ~V1 ~V2 {152 158}
928. LowTemp NoLeak ReactorUnitSafe okH1 okH2 ~NoLeakH1 ~NoLeakH2 ~V1 {55 112}
929. ReactorUnitSafe ~NoLeak ~NoLeakH1 ~V1 {64 99}
930. LowTemp ReactorUnitSafe l okH2 ~NoLeak ~V1 ~V2 ~okH1 {72 139}
931. LowTemp NoLeakH2 ReactorUnitSafe V2 okH2 ~V1 {55 116}
932. NoLeakH2 ReactorUnitSafe V2 okH2 ~NoLeak ~NoLeakH1 ~V1 {99 138}
935. NoLeakH1 ReactorUnitSafe V1 okH1 okH2 ~V2 ~l {114 129}
936. NoLeak ReactorUnitSafe V1 okH1 ~NoLeakH2 ~V2 {67 94}
937. LowTemp NoLeak ReactorUnitSafe V1 okH1 ~NoLeakH2 ~V2 {112 127}
940. ReactorUnitSafe okH2 ~V2 ~okH1 {59 122}
944. NoLeak NoLeakH1 ReactorUnitSafe ~NoLeakH2 ~V2 ~l ~okH1 {130 164}
945. ReactorUnitSafe l okH2 ~V1 ~okH1 {24 139}
946. LowTemp ReactorUnitSafe l okH2 ~NoLeakH1 ~V1 ~V2 {92 125}
949. NoLeak ReactorUnitSafe V1 okH1 ~LowTemp ~NoLeakH1 {48 114}
953. LowTemp ReactorUnitSafe l okH1 okH2 ~V1 ~V2 {81 91}
954. LowTemp ReactorUnitSafe l okH1 ~NoLeakH2 ~V1 ~V2 {104 151}
955. ReactorUnitSafe okH2 ~NoLeakH1 ~V1 {35 101}
956. LowTemp ReactorUnitSafe okH1 okH2 ~V1 ~l {108 134}
957. NoLeakH2 ReactorUnitSafe okH2 ~NoLeakH1 ~V1 ~V2 {101 125}
959. LowTemp NoLeakH2 ReactorUnitSafe V2 okH2 ~NoLeakH1 ~V1 {73 138}
960. ReactorUnitSafe l ~NoLeakH1 {19 49}
961. NoLeak ReactorUnitSafe l ~NoLeakH1 ~okH1 {93 120}
963. NoLeak ReactorUnitSafe okH1 ~NoLeakH1 ~l {80 95}
964. ReactorUnitSafe ~V1 ~okH1 {78 104}
966. NoLeakH2 ReactorUnitSafe ~NoLeakH1 ~V1 ~V2 {104 132}
967. ReactorUnitSafe okH2 ~NoLeak ~V1 ~V2 ~okH1 {159 164}
968. LowTemp NoLeak ReactorUnitSafe l okH1 ~NoLeakH1 {82 86}
969. LowTemp NoLeak ReactorUnitSafe ~NoLeakH1 ~V1 ~okH1 {139 154}
973. ReactorUnitSafe ~NoLeakH1 ~V1 ~V2 {47 152}
976. LowTemp NoLeakH2 ReactorUnitSafe l okH2 ~V1 ~okH1 {126 138}
977. LowTemp NoLeakH1 ReactorUnitSafe okH1 ~V2 ~l ~okH2 {95 100}
978. NoLeakH2 ReactorUnitSafe ~NoLeak ~V2 {137 156}
979. NoLeak ReactorUnitSafe ~NoLeakH1 ~V1 ~V2 {132 152}
980. LowTemp ReactorUnitSafe okH1 ~NoLeak ~V1 ~V2 ~l ~okH2 {63 68}
981. LowTemp NoLeakH2 ReactorUnitSafe okH2 ~NoLeakH1 ~V1 ~l {45 52}
985. ReactorUnitSafe ~NoLeakH2 {35 162}
986. LowTemp NoLeak ReactorUnitSafe okH2 ~NoLeakH1 ~NoLeakH2 ~V2 ~okH1 {57 126}
987. LowTemp ReactorUnitSafe okH1 {92 153}
991. ReactorUnitSafe okH1 okH2 ~V2 {104 114}
993. ReactorUnitSafe V2 l okH2 {22 55}
995. NoLeakH2 ReactorUnitSafe ~NoLeakH1 ~okH2 {48 128}
996. ReactorUnitSafe V2 l okH2 ~NoLeak ~V1 {42 55}
998. NoLeakH2 ReactorUnitSafe V2 ~NoLeakH1 ~V1 ~l {51 120}
1000. LowTemp NoLeakH1 ReactorUnitSafe ~NoLeak ~V1 ~V2 {20 142}
1003. ReactorUnitSafe ~V1 ~l {87 147}
1004. LowTemp NoLeak ReactorUnitSafe l ~NoLeakH2 ~V2 ~okH2 {93 161}
1005. LowTemp NoLeak ReactorUnitSafe V1 okH1 okH2 ~NoLeakH1 ~NoLeakH2 ~V2 {57 117}
1006. NoLeakH1 NoLeakH2 ReactorUnitSafe okH1 ~NoLeak ~V1 {51 121}
1008. ReactorUnitSafe ~LowTemp ~NoLeak ~NoLeakH2 ~V2 ~l {43 129}
1009. NoLeak ReactorUnitSafe okH2 ~NoLeakH1 ~NoLeakH2 ~V1 {29 152}
1010. LowTemp NoLeakH2 ReactorUnitSafe okH2 ~V1 ~V2 ~okH1 {72 102}
1013. LowTemp NoLeakH1 NoLeakH2 ReactorUnitSafe okH1 ~NoLeak ~V1 {87 121}
1017. NoLeak ReactorUnitSafe V1 l okH1 okH2 ~NoLeakH2 {109 127}
1018. NoLeakH2 ReactorUnitSafe V2 okH1 okH2 ~l {45 50}
1019. LowTemp ReactorUnitSafe l okH2 ~V1 {42 52}
1020. LowTemp NoLeakH1 ReactorUnitSafe l okH2 ~V1 ~V2 {81 93}
1022. LowTemp NoLeakH2 ReactorUnitSafe l okH1 okH2 {117 138}
1023. ReactorUnitSafe ~l ~okH1 {78 156}
1025. ReactorUnitSafe okH2 ~V1 ~V2 ~okH1 {122 125}
1026. ReactorUnitSafe okH2 ~NoLeak ~NoLeakH1 ~V2 {38 156}
1031. LowTemp ReactorUnitSafe ~V1 ~V2 ~l ~okH2 {63 149}
1032. ReactorUnitSafe okH1 ~NoLeak ~V1 {51 86}
1033. NoLeakH1 ReactorUnitSafe okH1 ~NoLeak ~NoLeakH2 ~V2 {86 141}
1036. ReactorUnitSafe V2 l okH2 ~NoLeakH1 {13 55}
1038. ReactorUnitSafe l ~okH2 {20 40}
1040. NoLeakH1 ReactorUnitSafe l ~LowTemp ~NoLeak ~NoLeakH2 {121 143}
1043. ReactorUnitSafe okH2 ~LowTemp ~NoLeakH1 ~NoLeakH2 {58 80}
1045. LowTemp NoLeakH2 ReactorUnitSafe okH2 ~NoLeakH1 ~V1 ~V2 ~l {72 89}
1047. LowTemp ReactorUnitSafe l okH1 ~NoLeakH2 ~V1 {20 151}
1048. ReactorUnitSafe V1 okH1 ~NoLeakH2 ~V2 ~l {4 57}
1049. NoLeak ReactorUnitSafe okH1 okH2 ~NoLeakH2 ~l {79 147}
1051. ReactorUnitSafe ~LowTemp ~NoLeakH1 ~NoLeakH2 ~V1 {99 152}
1053. LowTemp NoLeak NoLeakH1 ReactorUnitSafe okH1 ~NoLeakH2 ~V2 {124 158}
1054. LowTemp NoLeakH1 ReactorUnitSafe ~V1 ~V2 ~l {153 164}
1057. ReactorUnitSafe okH2 ~NoLeak ~NoLeakH1 ~V1 ~V2 ~l {45 58}
1058. NoLeakH1 ReactorUnitSafe ~l {78 146}
1060. NoLeakH1 ReactorUnitSafe V1 okH1 ~NoLeakH2 ~V2 {75 162}
1062. NoLeakH1 ReactorUnitSafe V1 ~LowTemp ~NoLeakH2 {3 94}
1063. LowTemp NoLeak ReactorUnitSafe V1 l okH2 ~NoLeakH2 ~V2 {126 127}
1064. LowTemp NoLeak ReactorUnitSafe l ~NoLeakH2 ~V2 {93 151}
1068. LowTemp ReactorUnitSafe l ~NoLeakH1 {49 92}
1069. NoLeak ReactorUnitSafe V1 l ~NoLeakH2 ~V2 ~okH2 {84 130}
1071. ReactorUnitSafe l okH2 ~NoLeak ~NoLeakH1 ~V1 ~V2 {61 152}
1075. LowTemp NoLeakH2 ReactorUnitSafe ~V2 {84 116}
1079. NoLeakH2 ReactorUnitSafe okH1 ~V2 {48 85}
1080. ReactorUnitSafe V1 okH2 ~l {109 156}
1082. LowTemp ReactorUnitSafe okH2 ~NoLeakH1 ~V2 ~l {89 115}
1085. NoLeak ReactorUnitSafe okH2 ~NoLeakH2 ~l ~okH1 {71 162}
1086. ReactorUnitSafe l okH2 ~NoLeak {38 42}
1089. LowTemp NoLeakH2 ReactorUnitSafe ~NoLeakH1 ~V1 ~V2 {31 72}
1090. NoLeak ReactorUnitSafe V1 okH1 ~NoLeakH2 ~l {50 124}
1091. LowTemp ReactorUnitSafe V2 l okH2 ~V1 {55 111}
1092. NoLeak ReactorUnitSafe V1 okH1 ~NoLeakH2 ~V2 ~l ~okH2 {95 162}
1093. LowTemp NoLeak ReactorUnitSafe okH1 ~NoLeakH1 ~NoLeakH2 ~V2 ~okH2 {91 95}
1096. LowTemp ReactorUnitSafe ~NoLeakH2 ~V1 ~V2 ~l {142 155}
1097. LowTemp NoLeak ReactorUnitSafe okH1 ~NoLeakH1 ~NoLeakH2 ~V1 ~V2 ~okH2 {95 145}
1099. NoLeakH2 ReactorUnitSafe okH1 ~V2 ~l {132 146}
1107. ReactorUnitSafe okH2 ~LowTemp ~NoLeak ~V2 ~l {101 129}
1108. LowTemp NoLeakH1 ReactorUnitSafe ~NoLeak ~NoLeakH2 ~V1 ~V2 ~l {68 164}
1112. ReactorUnitSafe V1 l ~LowTemp ~NoLeakH2 ~V2 {127 143}
1113. LowTemp ReactorUnitSafe okH2 {131 138}
1115. ReactorUnitSafe l okH2 ~LowTemp ~NoLeak ~NoLeakH1 {16 53}
1116. NoLeakH2 ReactorUnitSafe okH2 ~NoLeakH1 ~V1 ~l {45 62}
1117. ReactorUnitSafe l ~LowTemp ~NoLeak ~NoLeakH2 {20 162}
1118. ReactorUnitSafe okH1 ~okH2 {46 144}
1119. LowTemp NoLeak ReactorUnitSafe okH1 okH2 ~NoLeakH2 {124 160}
1121. NoLeakH2 ReactorUnitSafe ~l ~okH2 {40 51}
1122. LowTemp NoLeak ReactorUnitSafe ~NoLeakH2 ~V1 ~V2 {155 158}
1123. ReactorUnitSafe l okH1 ~NoLeakH1 ~NoLeakH2 ~V2 ~okH2 {39 127}
1124. ReactorUnitSafe ~LowTemp ~NoLeakH1 {11 101}
1126. LowTemp NoLeakH1 ReactorUnitSafe ~NoLeakH2 ~V2 ~okH1 {93 142}
1127. LowTemp NoLeakH1 ReactorUnitSafe l okH1 ~V1 ~V2 ~okH2 {68 161}
1128. LowTemp NoLeakH2 ReactorUnitSafe ~NoLeakH1 ~V2 {107 132}
1129. LowTemp NoLeakH2 ReactorUnitSafe okH1 ~V1 ~V2 {68 132}
1131. NoLeakH1 ReactorUnitSafe ~NoLeak ~NoLeakH2 ~V1 ~V2 {121 164}
1133. LowTemp NoLeakH1 ReactorUnitSafe l okH1 ~NoLeakH2 {42 66}
1135. ReactorUnitSafe ~NoLeakH1 ~V1 ~l {32 155}
1136. NoLeak ReactorUnitSafe V1 V2 ~LowTemp ~NoLeakH1 {40 80}
1138. NoLeakH2 ReactorUnitSafe V2 okH2 ~V1 ~l ~okH1 {45 78}
1141. LowTemp NoLeakH1 ReactorUnitSafe okH2 {130 138}
1142. NoLeak ReactorUnitSafe V2 okH2 ~NoLeakH1 ~NoLeakH2 {109 140}
1144. ReactorUnitSafe l okH2 ~LowTemp ~NoLeakH1 ~NoLeakH2 ~okH1 {53 93}
1145. NoLeak ReactorUnitSafe V1 l okH2 ~NoLeakH2 ~V2 {102 127}
1147. NoLeakH2 ReactorUnitSafe l ~okH1 {61 157}
1150. NoLeakH1 ReactorUnitSafe V1 ~NoLeakH2 ~V2 ~l {142 162}
1152. LowTemp NoLeakH2 ReactorUnitSafe ~NoLeakH1 ~V1 ~l {46 154}
1153. LowTemp NoLeak ReactorUnitSafe okH2 ~NoLeakH1 ~NoLeakH2 ~V1 {89 145}
1154. LowTemp NoLeakH2 ReactorUnitSafe l okH1 okH2 ~V2 {72 117}
1155. ReactorUnitSafe l okH1 ~NoLeak ~NoLeakH2 ~V1 ~V2 {121 152}
1157. LowTemp NoLeak ReactorUnitSafe okH2 ~NoLeakH2 ~V1 ~V2 ~l {103 134}
1160. ReactorUnitSafe V2 ~NoLeakH1 ~V1 {46 73}
1162. LowTemp NoLeakH1 ReactorUnitSafe ~V2 {103 137}
1163. ReactorUnitSafe V1 l ~NoLeakH2 ~V2 {22 91}
1164. NoLeakH1 NoLeakH2 ReactorUnitSafe okH2 ~NoLeak ~V2 {61 129}
1165. LowTemp NoLeakH1 NoLeakH2 ReactorUnitSafe okH2 ~NoLeak {22 138}
1166. ReactorUnitSafe V1 l okH1 {32 127}
1168. ReactorUnitSafe V2 l okH2 ~LowTemp ~NoLeak {42 80}
1170. NoLeakH1 ReactorUnitSafe ~NoLeak ~V2 {22 104}
1172. ReactorUnitSafe l okH1 ~NoLeak ~NoLeakH2 ~V1 {105 145}
1174. NoLeakH2 ReactorUnitSafe l ~okH2 {65 137}
1175. NoLeak ReactorUnitSafe l ~NoLeakH1 ~NoLeakH2 ~okH1 {73 93}
1176. NoLeakH1 ReactorUnitSafe okH1 ~l {147 153}
1178. LowTemp NoLeakH2 ReactorUnitSafe V2 okH2 {109 138}
1179. NoLeak ReactorUnitSafe l ~NoLeakH2 ~okH1 ~okH2 {40 139}
1180. LowTemp NoLeakH2 ReactorUnitSafe okH1 ~V2 {72 144}
1181. ReactorUnitSafe ~NoLeak ~NoLeakH2 ~V1 ~V2 {42 155}
1183. NoLeakH1 ReactorUnitSafe ~NoLeakH2 {46 130}
1184. ReactorUnitSafe ~LowTemp ~okH1 ~okH2 {3 48}
1186. ReactorUnitSafe V2 okH1 okH2 {46 69}
1187. ReactorUnitSafe ~LowTemp ~okH2 {1 65}
1190. NoLeak ReactorUnitSafe V2 okH2 ~NoLeakH1 ~V1 ~l {76 99}
1192. LowTemp NoLeakH1 ReactorUnitSafe ~V1 ~V2 ~okH2 {68 157}
1193. ReactorUnitSafe V2 l okH1 {28 99}
1194. NoLeak ReactorUnitSafe V1 okH2 ~LowTemp ~NoLeakH2 {101 130}
1195. LowTemp ReactorUnitSafe okH2 ~NoLeakH1 ~V1 ~l {136 140}
1197. NoLeak ReactorUnitSafe l okH1 ~NoLeakH1 ~okH2 {48 161}
1198. NoLeakH1 ReactorUnitSafe l ~NoLeakH2 ~okH1 {111 122}
1199. ReactorUnitSafe V1 l okH1 okH2 ~LowTemp ~NoLeakH1 ~NoLeakH2 {53 127}
1201. ReactorUnitSafe V1 l okH1 ~V2 {47 127}
1202. NoLeakH1 ReactorUnitSafe okH1 ~NoLeakH2 {108 147}
1206. ReactorUnitSafe ~LowTemp ~NoLeak ~NoLeakH1 ~V1 ~l {19 51}
1207. LowTemp NoLeakH2 ReactorUnitSafe l ~NoLeak ~NoLeakH1 ~V1 ~V2 {72 84}
1208. LowTemp NoLeakH1 ReactorUnitSafe ~NoLeakH2 ~V1 ~V2 ~l {108 164}
1209. NoLeak ReactorUnitSafe V2 l okH2 ~NoLeakH1 ~okH1 {99 126}
1211. ReactorUnitSafe okH2 ~NoLeak ~V1 ~V2 ~l {129 134}
1212. NoLeakH2 ReactorUnitSafe V2 okH2 ~NoLeakH1 ~V1 ~l {80 87}
1213. ReactorUnitSafe l okH2 ~NoLeakH1 ~NoLeakH2 ~V1 ~okH1 {55 93}
1214. ReactorUnitSafe ~NoLeakH1 ~V2 ~l {47 57}
1215. LowTemp ReactorUnitSafe okH1 ~NoLeak ~NoLeakH2 ~V1 ~V2 ~l {68 155}
1216. NoLeakH2 ReactorUnitSafe ~NoLeakH1 ~l ~okH2 {48 56}
1219. NoLeak ReactorUnitSafe okH2 ~NoLeakH1 ~NoLeakH2 ~okH1 {58 106}
1220. NoLeak NoLeakH2 ReactorUnitSafe l ~NoLeakH1 ~okH2 {48 82}
1221. LowTemp ReactorUnitSafe ~NoLeakH2 ~V2 ~okH1 {21 107}
1223. LowTemp NoLeakH1 ReactorUnitSafe l okH1 okH2 ~V2 {68 117}
1224. NoLeak ReactorUnitSafe V1 ~LowTemp ~NoLeakH2 ~okH2 {122 144}
1225. ReactorUnitSafe okH1 ~l {37 99}
1226. ReactorUnitSafe okH2 ~V1 ~l {33 88}
1227. ReactorUnitSafe okH1 okH2 ~NoLeak ~V2 {38 146}
1229. NoLeak ReactorUnitSafe l ~NoLeakH2 ~okH1 {78 93}
1233. LowTemp NoLeakH1 ReactorUnitSafe okH1 okH2 {68 69}
1234. ReactorUnitSafe okH1 ~V2 ~okH2 {104 144}
1235. ReactorUnitSafe l ~LowTemp ~NoLeakH1 ~NoLeakH2 {145 162}
1236. NoLeakH2 ReactorUnitSafe V1 V2 l okH1 {50 137}
1239. NoLeakH2 ReactorUnitSafe ~NoLeakH1 ~V1 ~l ~okH2 {32 63}
1240. ReactorUnitSafe okH1 okH2 ~V1 {80 133}
1246. LowTemp NoLeak ReactorUnitSafe V1 okH1 okH2 ~NoLeakH2 ~V2 {117 124}
1247. ReactorUnitSafe V2 l okH1 okH2 ~NoLeak ~V1 {55 105}
1249. LowTemp ReactorUnitSafe okH2 ~V1 ~l {134 149}
1252. LowTemp NoLeakH2 ReactorUnitSafe V1 l okH1 okH2 {117 137}
1253. NoLeakH2 ReactorUnitSafe ~NoLeak ~l {1 56}
1257. ReactorUnitSafe ~V1 {54 147}
1259. ReactorUnitSafe V2 l okH1 ~LowTemp ~NoLeak {99 121}
1261. LowTemp NoLeak NoLeakH2 ReactorUnitSafe ~NoLeakH1 ~V1 ~okH2 {39 154}
1264. ReactorUnitSafe okH1 ~V1 ~V2 ~okH2 {48 133}
1268. NoLeak ReactorUnitSafe ~NoLeakH2 ~l {78 124}
1269. LowTemp NoLeak ReactorUnitSafe okH2 ~NoLeakH1 ~NoLeakH2 ~V1 ~okH1 {76 139}
1270. ReactorUnitSafe l ~NoLeakH1 ~V1 {47 145}
1272. LowTemp NoLeakH2 ReactorUnitSafe ~V1 ~okH1 {138 157}
1273. NoLeak ReactorUnitSafe ~NoLeakH2 ~V2 ~l ~okH2 {95 122}
1275. ReactorUnitSafe ~NoLeakH2 ~V1 ~V2 ~l {12 164}
1276. LowTemp ReactorUnitSafe l okH2 ~V1 ~okH1 {18 139}
1278. NoLeakH1 ReactorUnitSafe l okH2 {102 121}
1279. ReactorUnitSafe l ~okH1 ~okH2 {118 157}
1280. ReactorUnitSafe V2 okH1 {99 108}
1283. NoLeak ReactorUnitSafe ~NoLeakH1 ~NoLeakH2 ~V1 ~l ~okH1 {78 155}
1285. NoLeakH2 ReactorUnitSafe l ~NoLeak ~NoLeakH1 ~V2 {84 159}
1290. NoLeakH2 ReactorUnitSafe ~V1 ~l ~okH1 {45 157}
1293. NoLeak ReactorUnitSafe l okH1 ~NoLeakH1 {101 161}
1294. NoLeak ReactorUnitSafe V1 l okH1 okH2 ~NoLeakH1 {101 117}
1296. LowTemp NoLeak ReactorUnitSafe ~NoLeakH2 ~V2 ~l {58 103}
1300. LowTemp ReactorUnitSafe okH1 ~V2 {87 127}
1305. LowTemp NoLeakH1 ReactorUnitSafe V1 okH1 {50 100}
1311. LowTemp NoLeakH1 ReactorUnitSafe ~NoLeakH2 ~V2 {64 130}
1314. NoLeakH1 ReactorUnitSafe V1 okH1 okH2 ~V2 {85 162}
1315. ReactorUnitSafe l {49 147}
1316. ReactorUnitSafe ~LowTemp ~NoLeakH1 ~NoLeakH2 ~V2 {152 162}
1318. ReactorUnitSafe ~NoLeak ~V1 ~V2 ~okH2 {42 63}
1321. NoLeakH1 ReactorUnitSafe V1 l okH1 okH2 {114 121}
1323. LowTemp NoLeak ReactorUnitSafe okH2 ~NoLeakH1 ~NoLeakH2 ~V1 ~V2 {96 155}
1324. NoLeakH2 ReactorUnitSafe okH1 okH2 ~l {45 114}
1325. LowTemp NoLeak ReactorUnitSafe ~NoLeakH2 ~V1 ~V2 ~l {66 164}
1326. ReactorUnitSafe l ~LowTemp ~NoLeak ~okH1 {122 137}
1327. LowTemp NoLeakH1 ReactorUnitSafe l okH1 ~NoLeakH2 ~V1 ~V2 {68 151}
1328. NoLeak ReactorUnitSafe V1 okH1 okH2 ~NoLeakH2 ~l {109 124}
1331. ReactorUnitSafe okH2 ~NoLeak ~V1 ~okH1 {138 143}
1332. NoLeak ReactorUnitSafe V1 l ~NoLeakH1 {84 109}
1333. NoLeak ReactorUnitSafe ~NoLeakH1 ~V2 {58 132}
1334. NoLeakH2 ReactorUnitSafe okH1 okH2 ~V2 {85 101}
1335. ReactorUnitSafe ~V2 ~okH1 ~okH2 {115 157}
1336. LowTemp NoLeakH2 ReactorUnitSafe V2 l okH1 okH2 {137 160}
1342. LowTemp NoLeakH1 NoLeakH2 ReactorUnitSafe okH2 ~NoLeak ~V2 {61 142}
1343. LowTemp ReactorUnitSafe l okH1 ~V1 {54 86}
1344. LowTemp ReactorUnitSafe okH1 ~V2 ~okH2 {31 100}
1348. LowTemp NoLeakH2 ReactorUnitSafe ~NoLeak ~V2 {16 56}
1351. NoLeak ReactorUnitSafe V2 l okH1 okH2 ~NoLeakH1 ~NoLeakH2 {25 55}
1352. LowTemp ReactorUnitSafe l ~NoLeakH2 ~V2 {91 149}
1357. NoLeakH2 ReactorUnitSafe ~NoLeakH1 ~V1 ~l {17 48}
1358. ReactorUnitSafe V1 l ~V2 ~okH2 {22 84}
1359. LowTemp NoLeakH2 ReactorUnitSafe {40 138}
1361. LowTemp ReactorUnitSafe ~NoLeakH1 ~NoLeakH2 ~V2 {2 107}
1363. NoLeakH1 NoLeakH2 ReactorUnitSafe okH1 okH2 ~NoLeak ~l {1 113}
1365. ReactorUnitSafe V1 l okH1 okH2 ~V2 {24 127}
1366. ReactorUnitSafe okH2 ~LowTemp ~NoLeak ~NoLeakH1 {80 115}
1369. ReactorUnitSafe V1 okH1 ~NoLeakH1 ~NoLeakH2 ~V2 {57 127}
1371. ReactorUnitSafe V2 l ~LowTemp ~NoLeakH1 ~V1 {55 148}
1372. NoLeakH2 ReactorUnitSafe ~NoLeak ~NoLeakH1 ~V1 ~V2 ~okH2 {63 137}
1373. LowTemp ReactorUnitSafe l okH1 {137 151}
1374. NoLeakH2 ReactorUnitSafe l ~NoLeakH1 ~okH2 {32 84}
1375. NoLeakH1 ReactorUnitSafe V1 okH1 okH2 ~l {113 162}
1376. ReactorUnitSafe ~NoLeakH2 ~V1 ~V2 ~okH1 {21 104}
1377. NoLeakH2 ReactorUnitSafe okH2 ~NoLeakH1 {101 128}
1378. NoLeakH1 ReactorUnitSafe ~NoLeakH2 ~V2 ~okH1 {122 123}
1379. LowTemp ReactorUnitSafe okH2 ~V2 ~l {57 116}
1380. LowTemp ReactorUnitSafe okH1 ~NoLeak ~NoLeakH2 ~V2 {58 100}
1381. ReactorUnitSafe l ~NoLeak ~NoLeakH1 {92 137}
1383. NoLeakH2 ReactorUnitSafe ~NoLeakH1 ~V1 ~V2 ~l {33 132}
1384. NoLeakH1 NoLeakH2 ReactorUnitSafe okH2 ~NoLeak ~l {6 129}
1385. NoLeak ReactorUnitSafe okH2 ~NoLeakH1 ~NoLeakH2 ~V1 ~l {88 155}
1387. LowTemp NoLeakH2 ReactorUnitSafe ~NoLeakH1 ~V1 ~okH2 {39 56}
1389. NoLeak ReactorUnitSafe ~NoLeakH1 ~NoLeakH2 ~okH2 {40 140}
1391. ReactorUnitSafe V1 l okH1 ~LowTemp ~NoLeakH1 ~NoLeakH2 {99 127}
1396. LowTemp NoLeak NoLeakH1 ReactorUnitSafe V1 okH1 ~NoLeakH2 ~V2 {103 127}
1397. ReactorUnitSafe l okH1 ~LowTemp ~NoLeak ~NoLeakH2 {19 121}
1400. NoLeakH1 NoLeakH2 ReactorUnitSafe ~NoLeak ~V2 {129 137}
1401. NoLeak ReactorUnitSafe okH2 ~NoLeakH1 ~NoLeakH2 ~V1 ~l ~okH1 {19 71}
1402. NoLeakH1 ReactorUnitSafe ~V2 ~l ~okH2 {65 129}
1404. LowTemp NoLeakH2 ReactorUnitSafe l okH1 {82 121}
1405. NoLeak ReactorUnitSafe l ~NoLeakH1 ~V2 ~okH1 {84 102}
1406. NoLeak NoLeakH2 ReactorUnitSafe okH2 ~NoLeakH1 ~V1 ~l {101 154}
1407. NoLeakH2 ReactorUnitSafe V2 ~V1 ~l ~okH1 {51 78}
1411. ReactorUnitSafe ~NoLeakH1 {19 128}
1412. LowTemp NoLeak ReactorUnitSafe V1 okH1 ~NoLeakH2 ~V2 ~okH2 {95 127}
1416. ReactorUnitSafe V1 V2 l okH1 okH2 {69 118}
1418. LowTemp ReactorUnitSafe ~NoLeakH1 {56 92}
1419. LowTemp ReactorUnitSafe l okH2 ~V1 ~V2 ~okH1 {125 139}
1420. NoLeakH2 ReactorUnitSafe okH1 ~V1 {48 81}
1421. ReactorUnitSafe l ~LowTemp ~NoLeakH1 ~NoLeakH2 ~okH1 {93 99}
1425. LowTemp NoLeakH2 ReactorUnitSafe V2 okH1 okH2 {50 138}
1426. LowTemp NoLeakH1 NoLeakH2 ReactorUnitSafe okH1 ~NoLeak ~V2 {16 153}
1428. NoLeak ReactorUnitSafe ~LowTemp ~NoLeakH1 {132 147}
1429. LowTemp NoLeakH1 ReactorUnitSafe V1 okH1 ~V2 {127 153}
1430. ReactorUnitSafe okH1 ~LowTemp ~NoLeakH1 ~NoLeakH2 ~V2 {152 163}
1435. NoLeakH1 NoLeakH2 ReactorUnitSafe ~NoLeak ~l {32 129}
1437. ReactorUnitSafe okH2 ~NoLeak ~NoLeakH1 ~V1 ~l {45 140}
1438. ReactorUnitSafe okH2 ~NoLeak ~V1 {138 147}
1439. LowTemp ReactorUnitSafe l okH1 okH2 ~NoLeak ~V2 {127 138}
1440. LowTemp ReactorUnitSafe l ~V1 ~okH1 {54 139}
1441. NoLeakH2 ReactorUnitSafe ~NoLeakH1 ~l {48 136}
1443. ReactorUnitSafe ~V1 ~okH1 ~okH2 {46 157}
1446. NoLeakH2 ReactorUnitSafe okH1 okH2 ~V1 {81 101}
1448. NoLeakH1 ReactorUnitSafe V2 l ~okH1 {42 78}
1452. LowTemp NoLeak ReactorUnitSafe okH2 ~NoLeakH1 ~NoLeakH2 ~V1 ~V2 ~okH1 {76 93}
1453. ReactorUnitSafe okH2 ~LowTemp ~NoLeak ~V1 ~l {45 147}
1455. NoLeak ReactorUnitSafe okH1 ~NoLeakH2 ~V2 {67 147}
1458. NoLeak ReactorUnitSafe V2 okH1 okH2 ~NoLeakH1 ~l {79 99}
1460. NoLeakH2 ReactorUnitSafe V2 l okH2 {88 137}
1462. ReactorUnitSafe okH1 ~LowTemp ~NoLeak ~NoLeakH2 ~V2 ~l {19 141}
1463. LowTemp NoLeakH2 ReactorUnitSafe okH2 {72 109}
1464. ReactorUnitSafe V1 ~NoLeakH2 ~V2 {22 58}
1465. LowTemp NoLeak ReactorUnitSafe V2 l okH1 okH2 ~NoLeakH1 {55 117}
1472. NoLeakH1 ReactorUnitSafe okH2 ~V2 ~l {102 146}
1476. NoLeak ReactorUnitSafe okH2 ~NoLeakH1 {74 101}
1481. NoLeak ReactorUnitSafe ~NoLeakH1 ~NoLeakH2 ~V2 ~l {131 155}
1482. LowTemp NoLeakH1 ReactorUnitSafe l ~NoLeakH2 ~V1 ~V2 {133 139}
1483. ReactorUnitSafe ~LowTemp ~NoLeak ~NoLeakH1 {99 115}
1486. LowTemp NoLeak ReactorUnitSafe ~NoLeakH1 ~V1 ~V2 {76 84}
1487. LowTemp NoLeakH1 NoLeakH2 ReactorUnitSafe okH1 okH2 ~NoLeak ~V2 {4 72}
1488. NoLeak ReactorUnitSafe V1 l okH2 ~NoLeakH2 {117 122}
1489. NoLeakH1 ReactorUnitSafe okH1 okH2 ~V2 {85 147}
1491. LowTemp ReactorUnitSafe ~V1 ~V2 ~okH1 ~okH2 {64 157}
1495. NoLeak ReactorUnitSafe V2 l okH1 ~NoLeakH1 ~NoLeakH2 {99 151}
1498. ReactorUnitSafe l ~V2 ~okH2 {26 84}
1499. NoLeak ReactorUnitSafe l ~NoLeakH1 ~NoLeakH2 ~okH2 {39 131}
1500. NoLeakH1 ReactorUnitSafe okH2 ~V2 {85 122}
1502. ReactorUnitSafe okH1 ~NoLeakH1 ~NoLeakH2 ~V1 ~V2 ~okH2 {63 86}
1503. LowTemp ReactorUnitSafe okH2 ~V2 ~okH1 {93 136}
1504. LowTemp ReactorUnitSafe okH2 ~NoLeak ~NoLeakH1 ~V1 ~V2 ~l {72 155}
1505. NoLeakH1 ReactorUnitSafe ~NoLeak ~NoLeakH2 ~V1 ~V2 ~okH1 {42 164}
1507. LowTemp ReactorUnitSafe l ~V2 ~okH1 {49 93}
1509. ReactorUnitSafe V1 okH1 okH2 ~l {94 136}
1512. ReactorUnitSafe l okH2 ~V2 ~okH1 {16 102}
1514. ReactorUnitSafe V1 ~l {56 162}
1515. NoLeak ReactorUnitSafe ~NoLeakH1 ~NoLeakH2 {131 140}
1516. ReactorUnitSafe ~LowTemp ~okH1 {47 122}
1517. NoLeakH2 ReactorUnitSafe okH2 ~NoLeakH1 ~l {101 136}
1518. NoLeak ReactorUnitSafe l ~NoLeakH1 ~V1 ~okH1 {39 102}
1519. ReactorUnitSafe l okH1 ~LowTemp ~NoLeakH1 ~NoLeakH2 {94 145}
1520. NoLeak ReactorUnitSafe V2 ~LowTemp ~NoLeakH1 {48 88}
1521. LowTemp NoLeak ReactorUnitSafe ~NoLeakH2 ~V2 ~okH2 {84 103}
1522. LowTemp NoLeakH2 ReactorUnitSafe ~NoLeakH1 ~V1 ~V2 ~okH2 {49 63}
1525. ReactorUnitSafe l okH1 ~NoLeak ~V1 ~okH2 {39 121}
1526. NoLeakH2 ReactorUnitSafe l okH2 ~okH1 {61 102}
1527. LowTemp NoLeakH1 ReactorUnitSafe l okH1 ~NoLeakH2 ~V2 {127 133}
1532. LowTemp NoLeak ReactorUnitSafe okH2 ~NoLeakH1 ~V1 ~okH1 {126 134}
1533. NoLeak ReactorUnitSafe okH1 ~NoLeakH2 ~V2 ~l ~okH2 {95 147}
1534. ReactorUnitSafe l ~NoLeak ~V1 ~okH2 {39 42}
1536. ReactorUnitSafe l ~LowTemp ~NoLeakH2 ~okH1 {139 162}
1538. NoLeakH1 NoLeakH2 ReactorUnitSafe okH1 okH2 ~NoLeak ~V2 {61 141}
1540. ReactorUnitSafe l ~NoLeak ~V1 ~okH1 {137 139}
1542. NoLeak ReactorUnitSafe ~NoLeakH1 ~NoLeakH2 ~V2 ~okH2 {40 152}
1547. ReactorUnitSafe V2 l okH2 ~V1 ~okH1 {3 55}
1548. ReactorUnitSafe l ~LowTemp ~NoLeak {137 147}
1550. LowTemp ReactorUnitSafe okH1 ~NoLeakH2 ~V1 {46 66}
1552. NoLeakH2 ReactorUnitSafe ~NoLeak ~NoLeakH1 ~V1 ~V2 ~l {45 63}
1555. NoLeak ReactorUnitSafe V2 l okH1 okH2 ~NoLeakH1 {80 160}
1557. NoLeak ReactorUnitSafe V2 l okH1 ~NoLeakH1 ~okH2 {99 161}
1558. NoLeak NoLeakH1 ReactorUnitSafe V1 okH1 ~NoLeakH2 ~V2 ~l {94 103}
1559. LowTemp NoLeakH1 ReactorUnitSafe V1 l okH1 okH2 ~V2 {100 117}
1560. NoLeak ReactorUnitSafe l okH2 ~NoLeakH1 ~NoLeakH2 {19 96}
1561. NoLeakH1 ReactorUnitSafe okH2 ~V2 ~l ~okH1 {102 129}
1564. LowTemp ReactorUnitSafe okH2 ~okH1 {106 107}
1565. NoLeak NoLeakH1 ReactorUnitSafe V1 l okH1 ~NoLeakH2 {94 158}
1567. LowTemp NoLeak ReactorUnitSafe V1 l okH1 okH2 ~NoLeakH2 {127 160}
1568. NoLeakH2 ReactorUnitSafe V2 okH2 ~V1 ~l {51 88}
1569. NoLeakH2 ReactorUnitSafe V2 okH2 ~NoLeakH1 ~l {99 136}
1573. LowTemp ReactorUnitSafe okH2 ~NoLeakH1 {29 107}
1574. NoLeak ReactorUnitSafe l ~NoLeakH1 ~V2 {62 84}
1575. ReactorUnitSafe l okH1 okH2 ~LowTemp ~NoLeak {101 105}
1578. NoLeakH1 ReactorUnitSafe V1 ~V2 ~l ~okH2 {40 129}
1580. LowTemp NoLeak ReactorUnitSafe l ~NoLeakH1 ~V1 ~V2 {82 152}
1581. ReactorUnitSafe V2 l okH2 ~LowTemp ~NoLeakH1 ~NoLeakH2 {55 162}
1582. LowTemp NoLeakH1 ReactorUnitSafe l okH1 ~okH2 {121 161}
1583. LowTemp ReactorUnitSafe okH2 ~V1 ~V2 ~okH1 {21 72}
1584. LowTemp ReactorUnitSafe okH2 ~V1 {55 142}
1585. LowTemp ReactorUnitSafe okH1 ~V1 ~V2 ~okH2 {28 63}
1586. NoLeak ReactorUnitSafe l okH2 ~NoLeakH1 ~NoLeakH2 ~okH1 {91 106}
1591. NoLeak ReactorUnitSafe V1 V2 okH1 ~LowTemp ~NoLeakH1 {94 120}
1593. ReactorUnitSafe V2 ~NoLeakH1 {99 150}
1597. NoLeak NoLeakH2 ReactorUnitSafe ~NoLeakH1 ~V1 ~l ~okH2 {63 120}
1599. ReactorUnitSafe l ~NoLeakH1 ~okH2 {5 92}
1602. LowTemp NoLeak ReactorUnitSafe l okH1 okH2 ~NoLeakH1 ~NoLeakH2 ~V1 {152 160}
1603. NoLeak ReactorUnitSafe okH2 ~NoLeakH1 ~V1 ~l {76 101}
1605. ReactorUnitSafe ~NoLeakH2 ~okH1 {122 150}
1606. LowTemp NoLeak ReactorUnitSafe ~NoLeakH2 ~V1 ~V2 ~okH2 {95 139}
1608. LowTemp NoLeak ReactorUnitSafe V2 l okH1 ~NoLeakH1 ~V1 {39 160}
1611. ReactorUnitSafe V2 {99 149}
1612. ReactorUnitSafe ~LowTemp ~NoLeak ~NoLeakH2 ~V2 {104 162}
1614. LowTemp NoLeakH2 ReactorUnitSafe l okH1 ~V1 ~V2 {72 161}
1615. LowTemp NoLeakH2 ReactorUnitSafe V2 l okH1 okH2 ~V1 {55 81}
1616. NoLeakH2 ReactorUnitSafe ~LowTemp ~NoLeak ~NoLeakH1 ~V1 ~l {45 48}
1617. ReactorUnitSafe okH2 ~LowTemp ~NoLeak ~NoLeakH1 ~l {60 80}
1619. NoLeakH1 NoLeakH2 ReactorUnitSafe okH1 ~NoLeak ~V2 {137 146}
1621. ReactorUnitSafe ~NoLeak ~V1 ~V2 ~l ~okH2 {63 129}
1624. NoLeakH2 ReactorUnitSafe V2 okH2 ~l {99 116}
1627. ReactorUnitSafe V1 ~LowTemp {47 162}
1628. ReactorUnitSafe V1 l okH1 ~NoLeak ~V2 {127 137}
1630. LowTemp NoLeakH1 ReactorUnitSafe okH2 ~V1 {71 121}
1631. NoLeakH2 ReactorUnitSafe ~NoLeakH1 ~V1 {46 132}
1634. LowTemp NoLeak NoLeakH2 ReactorUnitSafe ~NoLeakH1 ~V1 ~V2 ~okH2 {63 82}
1641. NoLeakH1 ReactorUnitSafe okH1 okH2 ~V1 {81 147}
1643. NoLeakH1 ReactorUnitSafe V1 l okH2 {61 130}
1645. NoLeakH1 ReactorUnitSafe ~LowTemp ~NoLeak ~NoLeakH2 ~V2 ~l {143 146}
1647. NoLeak ReactorUnitSafe V2 okH1 okH2 ~NoLeakH1 ~NoLeakH2 {66 80}
1648. LowTemp NoLeak ReactorUnitSafe l ~NoLeakH1 {82 92}
1651. LowTemp NoLeak ReactorUnitSafe V2 l okH2 ~NoLeakH2 ~V1 {55 158}
1657. NoLeak ReactorUnitSafe V2 okH2 ~NoLeakH1 ~V1 {52 80}
1660. LowTemp NoLeakH1 ReactorUnitSafe V1 l okH1 okH2 {42 117}
1661. ReactorUnitSafe l okH1 ~NoLeak ~V2 ~okH2 {84 121}
1662. ReactorUnitSafe okH2 ~NoLeakH1 ~V1 ~V2 ~l {7 101}
1663. NoLeakH2 ReactorUnitSafe V2 l okH1 {120 121}
1664. ReactorUnitSafe V1 l ~okH2 {40 118}
1665. LowTemp NoLeakH2 ReactorUnitSafe okH1 {138 144}
1667. NoLeakH1 ReactorUnitSafe V1 V2 l okH2 {42 109}
1668. ReactorUnitSafe V2 okH2 {46 109}
1673. LowTemp NoLeakH2 ReactorUnitSafe ~NoLeakH1 ~V2 ~okH2 {56 84}
1674. ReactorUnitSafe V2 l ~LowTemp ~NoLeak {42 99}
1676. NoLeak NoLeakH1 ReactorUnitSafe ~NoLeakH2 ~V2 ~l {103 147}
1677. ReactorUnitSafe l ~NoLeak ~NoLeakH1 ~V2 {58 137}
1680. LowTemp NoLeakH1 ReactorUnitSafe ~NoLeakH2 ~V2 ~l {103 129}
1681. LowTemp ReactorUnitSafe l ~NoLeakH1 ~V2 {49 91}
1684. ReactorUnitSafe ~LowTemp ~NoLeak ~NoLeakH1 ~V1 {70 99}
1685. ReactorUnitSafe l ~NoLeakH1 ~V2 {47 91}
1691. NoLeak ReactorUnitSafe okH1 okH2 ~NoLeakH1 ~l {114 134}
1692. ReactorUnitSafe V1 l okH2 ~LowTemp ~NoLeak {61 162}
1693. ReactorUnitSafe V1 V2 l okH2 {109 118}
1694. NoLeakH1 ReactorUnitSafe ~NoLeakH2 ~okH1 {122 149}
1696. LowTemp NoLeakH2 ReactorUnitSafe okH1 ~V1 ~V2 ~l ~okH2 {51 95}
1700. LowTemp NoLeak ReactorUnitSafe l ~NoLeakH2 ~V1 ~okH2 {139 161}
1702. LowTemp ReactorUnitSafe l okH2 ~NoLeak ~NoLeakH1 ~V1 ~V2 {72 92}
1704. NoLeakH2 ReactorUnitSafe l ~okH1 ~okH2 {137 157}
1705. LowTemp ReactorUnitSafe l okH2 ~okH1 {118 126}
1706. ReactorUnitSafe V2 l okH1 okH2 ~LowTemp ~NoLeak {53 121}
1708. ReactorUnitSafe okH2 ~LowTemp ~NoLeakH1 ~NoLeakH2 ~V1 ~l {80 155}
1709. ReactorUnitSafe l okH2 ~NoLeakH1 ~V2 {24 91}
1712. NoLeak ReactorUnitSafe V1 l okH1 ~NoLeakH1 {120 127}
1714. NoLeak ReactorUnitSafe ~NoLeakH1 ~NoLeakH2 ~V2 {131 152}
1715. NoLeak ReactorUnitSafe V1 okH1 ~NoLeakH2 {66 162}
1718. ReactorUnitSafe ~NoLeakH1 ~V1 ~okH2 {10 39}
1720. LowTemp NoLeak ReactorUnitSafe V2 okH2 ~NoLeakH1 ~V1 ~okH1 {55 71}
1721. ReactorUnitSafe l okH1 ~NoLeak {86 137}
1723. LowTemp NoLeakH2 ReactorUnitSafe ~V1 {39 116}
1724. LowTemp NoLeak ReactorUnitSafe ~NoLeakH1 ~V1 ~V2 ~okH1 {71 84}
1725. NoLeakH1 NoLeakH2 ReactorUnitSafe okH1 ~NoLeak ~l {4 51}
1726. ReactorUnitSafe ~LowTemp ~NoLeakH1 ~V1 ~l ~okH2 {63 99}
1728. LowTemp NoLeakH1 ReactorUnitSafe l ~NoLeakH2 ~V1 {46 158}
1730. NoLeakH2 ReactorUnitSafe okH2 ~NoLeakH1 ~V1 {80 125}
1732. ReactorUnitSafe ~LowTemp ~NoLeak ~V1 ~l ~okH1 {51 143}
1735. ReactorUnitSafe V2 l ~NoLeakH1 {73 118}
1736. LowTemp NoLeakH1 ReactorUnitSafe V1 okH1 okH2 {100 109}
1737. NoLeakH2 ReactorUnitSafe ~NoLeakH1 ~V2 {48 59}
1739. ReactorUnitSafe l ~LowTemp ~NoLeakH1 ~NoLeakH2 ~okH2 {39 162}
1742. NoLeak ReactorUnitSafe okH1 ~NoLeakH1 ~NoLeakH2 ~V2 {25 152}
1743. NoLeak ReactorUnitSafe ~NoLeakH1 ~NoLeakH2 ~okH1 {58 78}
1745. ReactorUnitSafe ~V2 ~l ~okH1 ~okH2 {156 157}
1746. NoLeak NoLeakH2 ReactorUnitSafe V2 okH2 ~NoLeakH1 ~V1 ~l {80 154}
1748. ReactorUnitSafe V1 okH1 okH2 ~V2 {114 115}
1749. LowTemp ReactorUnitSafe okH1 okH2 ~NoLeak ~V1 ~V2 ~l {68 134}
1750. NoLeakH1 ReactorUnitSafe l ~okH2 {121 157}
1751. ReactorUnitSafe ~NoLeakH1 ~l {19 56}
1753. NoLeak ReactorUnitSafe okH1 ~NoLeakH1 ~NoLeakH2 ~l {99 112}
1755. ReactorUnitSafe V1 l okH1 okH2 ~LowTemp ~NoLeak {61 94}
1756. NoLeak ReactorUnitSafe V2 l okH1 okH2 ~NoLeakH2 {147 160}
1757. LowTemp NoLeak ReactorUnitSafe okH1 okH2 ~NoLeakH1 {117 134}
1758. LowTemp NoLeakH1 ReactorUnitSafe okH1 ~NoLeakH2 ~V1 ~V2 {66 68}
1759. ReactorUnitSafe ~okH1 {122 128}
1760. NoLeak ReactorUnitSafe okH2 ~NoLeakH2 ~l {80 103}
1761. LowTemp NoLeakH2 ReactorUnitSafe l okH2 ~okH1 {61 126}
1763. ReactorUnitSafe ~NoLeak ~NoLeakH1 ~V2 {57 137}
1764. ReactorUnitSafe V1 l okH1 ~NoLeakH2 {25 118}
1766. NoLeakH2 ReactorUnitSafe V1 l okH1 {61 144}
1769. ReactorUnitSafe l ~LowTemp ~NoLeak ~okH2 {42 148}
1770. NoLeak ReactorUnitSafe V1 l okH1 ~NoLeakH1 ~NoLeakH2 {73 127}
1771. LowTemp NoLeakH2 ReactorUnitSafe okH2 ~V1 ~l {116 134}
1773. ReactorUnitSafe V1 ~V2 ~l ~okH2 {40 156}
1775. NoLeak ReactorUnitSafe ~NoLeakH1 ~V1 ~l {29 63}
1776. LowTemp NoLeakH2 ReactorUnitSafe ~NoLeakH1 {107 120}
1777. ReactorUnitSafe V1 l okH2 {22 38}
1780. ReactorUnitSafe okH2 ~l ~okH1 {122 136}
1781. NoLeak ReactorUnitSafe l okH1 ~NoLeakH2 {147 151}
1784. LowTemp NoLeak NoLeakH2 ReactorUnitSafe okH2 ~NoLeakH1 ~V1 {38 154}
1786. LowTemp NoLeak ReactorUnitSafe okH2 ~NoLeakH2 ~V1 ~V2 ~okH1 {71 93}
1787. NoLeak NoLeakH2 ReactorUnitSafe V2 l ~NoLeakH1 {82 99}
1789. NoLeakH2 ReactorUnitSafe okH2 ~NoLeak {6 115}
1790. NoLeakH1 ReactorUnitSafe V2 l okH2 {106 121}
1796. ReactorUnitSafe l okH1 ~LowTemp ~NoLeak ~okH2 {121 148}
1798. LowTemp NoLeakH1 ReactorUnitSafe l ~NoLeak ~NoLeakH2 ~V1 ~V2 {68 139}
1800. LowTemp ReactorUnitSafe V1 okH1 {50 107}
1801. ReactorUnitSafe ~NoLeakH1 ~V2 ~okH2 {34 48}
1803. NoLeak ReactorUnitSafe V1 l okH1 ~NoLeakH1 ~V2 {127 132}
1805. LowTemp NoLeakH1 ReactorUnitSafe l ~NoLeakH2 {42 158}
1806. ReactorUnitSafe okH1 ~NoLeakH2 {10 86}
1812. ReactorUnitSafe ~V1 ~V2 ~l ~okH1 ~okH2 {33 157}
1819. ReactorUnitSafe V1 okH1 {50 115}
1820. NoLeakH1 ReactorUnitSafe l ~NoLeak ~NoLeakH2 ~V1 {121 139}
1821. ReactorUnitSafe ~V1 ~V2 ~okH2 {65 104}
1822. ReactorUnitSafe okH2 ~LowTemp ~NoLeak ~NoLeakH1 ~V1 ~l {43 45}
1823. NoLeak ReactorUnitSafe V2 l okH2 ~NoLeakH2 ~okH1 {109 139}
1824. NoLeakH1 ReactorUnitSafe okH2 ~l ~okH1 {116 122}
1828. LowTemp NoLeakH2 ReactorUnitSafe l okH1 ~V2 {82 100}
1830. ReactorUnitSafe l ~NoLeak ~V2 ~okH1 {93 137}
1832. NoLeak ReactorUnitSafe ~NoLeakH1 ~V2 ~l {57 132}
1833. NoLeak ReactorUnitSafe l ~NoLeakH1 ~okH1 ~okH2 {78 84}
1835. ReactorUnitSafe okH1 ~NoLeak ~V2 ~okH2 {100 148}
1838. ReactorUnitSafe ~NoLeak ~NoLeakH1 ~V1 ~V2 {51 91}
1839. ReactorUnitSafe okH2 ~V1 ~l ~okH1 {33 106}
1840. LowTemp ReactorUnitSafe okH1 ~NoLeak ~NoLeakH2 ~V2 ~l {57 100}
1842. NoLeak ReactorUnitSafe V1 l ~NoLeakH2 {92 130}
1843. NoLeakH2 ReactorUnitSafe V2 l ~NoLeakH1 {49 99}
1844. ReactorUnitSafe V1 okH1 ~V2 ~okH2 {115 144}
1847. LowTemp NoLeak ReactorUnitSafe okH1 ~NoLeakH2 ~V2 ~okH2 {124 161}
1848. LowTemp ReactorUnitSafe V1 l okH1 okH2 {117 118}
1850. NoLeakH1 ReactorUnitSafe V1 l ~okH2 {40 42}
1853. LowTemp ReactorUnitSafe l okH1 ~V2 {67 137}
1858. LowTemp ReactorUnitSafe ~NoLeakH1 ~V2 {56 91}
1860. NoLeak ReactorUnitSafe okH2 ~NoLeakH1 ~NoLeakH2 ~V1 ~okH1 {52 122}
1863. ReactorUnitSafe l okH2 ~NoLeak ~NoLeakH1 {92 159}
1864. ReactorUnitSafe V2 l ~okH1 {78 118}
1865. LowTemp NoLeakH1 ReactorUnitSafe ~NoLeakH2 ~V1 ~V2 ~okH1 {111 164}
1866. ReactorUnitSafe okH2 ~NoLeakH1 ~V2 {19 59}
1868. ReactorUnitSafe okH2 ~NoLeakH1 ~NoLeakH2 ~V1 ~okH1 {55 164}
1869. ReactorUnitSafe l ~V1 ~okH1 ~okH2 {20 157}
1870. NoLeak NoLeakH1 ReactorUnitSafe l ~NoLeakH2 {147 158}
1871. LowTemp NoLeakH2 ReactorUnitSafe V2 okH2 ~V1 ~okH1 {78 138}
1879. ReactorUnitSafe okH2 ~LowTemp ~NoLeakH1 ~NoLeakH2 ~V1 ~l ~okH1 {80 164}
1882. NoLeak ReactorUnitSafe V2 okH2 ~NoLeakH1 ~l {89 99}
1883. NoLeak ReactorUnitSafe okH1 okH2 ~NoLeakH1 ~NoLeakH2 ~V2 ~l {114 155}
1884. NoLeakH2 ReactorUnitSafe V2 okH1 okH2 ~V1 {81 99}
1885. NoLeak ReactorUnitSafe V2 okH1 ~NoLeakH1 ~NoLeakH2 {66 99}
1886. NoLeakH2 ReactorUnitSafe l ~NoLeakH1 ~V2 {24 84}
1888. ReactorUnitSafe l ~V2 ~okH1 {47 93}
1889. ReactorUnitSafe {54 162}
1890. ReactorUnitSafe V1 ~NoLeak ~NoLeakH2 ~V2 {107 162}
1892. ReactorUnitSafe V1 V2 ~LowTemp {22 99}
1894. LowTemp NoLeakH1 ReactorUnitSafe V1 ~NoLeakH2 ~V2 {107 130}
1895. LowTemp ReactorUnitSafe ~V1 ~okH1 {64 78}
1899. NoLeak ReactorUnitSafe ~NoLeakH1 ~NoLeakH2 ~l {57 73}
1902. ReactorUnitSafe l okH1 okH2 ~NoLeakH1 ~NoLeakH2 {55 127}
1903. LowTemp NoLeakH1 ReactorUnitSafe l okH2 ~okH1 {42 126}
1904. LowTemp NoLeakH2 ReactorUnitSafe l okH1 ~okH2 {137 161}
1905. ReactorUnitSafe l ~okH1 {16 78}
1906. LowTemp ReactorUnitSafe ~NoLeakH1 ~V1 ~l {56 140}
1908. NoLeak NoLeakH1 ReactorUnitSafe l ~NoLeakH2 ~okH1 {122 158}
1909. ReactorUnitSafe l ~NoLeak ~NoLeakH2 ~V2 {42 91}
1910. NoLeak ReactorUnitSafe okH1 ~NoLeakH1 ~NoLeakH2 ~okH2 {140 144}
1911. NoLeakH2 ReactorUnitSafe V2 okH1 ~l {99 153}
1913. ReactorUnitSafe V2 l {42 73}
1914. ReactorUnitSafe V1 ~V2 ~okH2 {40 115}
1915. ReactorUnitSafe l ~V1 ~okH2 {20 65}
1917. NoLeak ReactorUnitSafe ~NoLeakH1 ~NoLeakH2 ~V2 ~l ~okH2 {63 131}
1918. LowTemp NoLeakH1 NoLeakH2 ReactorUnitSafe ~NoLeak ~V1 {42 87}
1919. LowTemp NoLeakH2 ReactorUnitSafe l ~NoLeakH1 {82 137}
1921. NoLeak ReactorUnitSafe V2 okH2 ~NoLeakH1 ~V1 ~l ~okH1 {71 80}
1922. ReactorUnitSafe okH2 ~NoLeak {138 162}
1923. LowTemp NoLeakH1 ReactorUnitSafe ~V2 ~okH2 {100 157}
1924. NoLeakH1 ReactorUnitSafe okH2 ~V1 {81 122}
1927. NoLeakH2 ReactorUnitSafe ~NoLeakH1 {115 120}
1928. LowTemp NoLeakH1 ReactorUnitSafe l okH1 okH2 ~V1 {81 86}
1929. ReactorUnitSafe ~NoLeakH1 ~V2 {47 58}
1930. NoLeak ReactorUnitSafe ~NoLeakH1 ~V1 ~l ~okH2 {63 73}
1931. ReactorUnitSafe okH1 ~LowTemp ~NoLeakH1 ~NoLeakH2 ~V2 ~l ~okH2 {63 163}
1933. NoLeakH1 ReactorUnitSafe okH1 okH2 ~l {113 147}
1934. ReactorUnitSafe ~V1 ~okH2 {46 65}
1936. LowTemp ReactorUnitSafe l okH1 ~NoLeak ~NoLeakH2 ~V1 ~V2 {68 91}
1938. LowTemp ReactorUnitSafe l ~NoLeakH2 ~V1 ~V2 {123 145}
1940. ReactorUnitSafe V1 okH2 ~V2 {59 162}
1941. LowTemp NoLeakH1 ReactorUnitSafe l {137 158}
1944. ReactorUnitSafe okH2 ~okH1 {106 115}
1946. LowTemp ReactorUnitSafe l ~V1 ~okH2 {39 149}
1950. LowTemp NoLeakH2 ReactorUnitSafe okH1 okH2 ~V2 {72 114}
1952. NoLeakH2 ReactorUnitSafe V1 l okH1 ~okH2 {137 144}
1953. NoLeak ReactorUnitSafe V2 l okH2 ~NoLeakH1 ~NoLeakH2 {55 131}
1954. LowTemp ReactorUnitSafe l okH2 ~NoLeakH1 {96 118}
1955. ReactorUnitSafe okH2 ~NoLeakH1 ~NoLeakH2 ~V1 ~V2 {91 134}
1957. ReactorUnitSafe ~NoLeak ~V1 ~V2 ~okH1 {51 93}
1969. NoLeakH1 ReactorUnitSafe okH1 ~NoLeakH2 ~V1 ~V2 {133 147}
1970. NoLeakH1 NoLeakH2 ReactorUnitSafe okH2 ~NoLeak ~V1 {42 45}
1971. ReactorUnitSafe V1 l okH1 okH2 ~NoLeak ~V2 {61 127}
1973. ReactorUnitSafe okH1 ~NoLeakH1 ~NoLeakH2 ~V2 ~okH2 {63 127}
1975. NoLeakH1 ReactorUnitSafe l ~okH1 ~okH2 {42 157}
1976. NoLeakH2 ReactorUnitSafe okH2 ~V1 ~l ~okH1 {45 102}
1977. NoLeak ReactorUnitSafe ~NoLeakH2 ~V2 ~l ~okH1 {131 164}
1978. NoLeakH1 ReactorUnitSafe ~l ~okH1 {78 129}
1979. NoLeak ReactorUnitSafe ~NoLeakH1 ~V2 ~l ~okH2 {40 63}
1981. ReactorUnitSafe ~LowTemp ~NoLeak ~V2 ~l ~okH2 {129 148}
1983. NoLeak ReactorUnitSafe okH2 ~NoLeakH1 ~l {89 101}
1984. LowTemp ReactorUnitSafe ~NoLeakH2 ~V1 {140 149}
1985. ReactorUnitSafe l okH1 ~NoLeakH1 ~NoLeakH2 ~V2 {127 140}
1986. ReactorUnitSafe V2 okH2 ~NoLeakH1 {80 150}
1988. ReactorUnitSafe okH1 ~V2 ~l {47 124}
1989. LowTemp NoLeak ReactorUnitSafe okH1 ~NoLeakH1 ~V2 ~okH2 {84 95}
1992. NoLeakH2 ReactorUnitSafe okH2 ~NoLeakH1 ~V2 {59 101}
1993. NoLeakH1 ReactorUnitSafe ~NoLeakH2 ~V2 ~l ~okH1 {122 142}
1994. NoLeak ReactorUnitSafe l okH1 okH2 ~NoLeakH1 ~NoLeakH2 {114 145}
1995. ReactorUnitSafe ~NoLeak ~NoLeakH1 {99 107}
1998. NoLeakH2 ReactorUnitSafe V2 l ~okH1 {78 137}
2002. LowTemp ReactorUnitSafe okH2 ~V1 ~l ~okH1 {46 71}
2004. ReactorUnitSafe okH2 ~LowTemp {24 147}
2005. LowTemp ReactorUnitSafe l ~NoLeakH1 ~V1 ~V2 {54 91}
2006. ReactorUnitSafe ~NoLeak ~V1 ~V2 ~l ~okH1 {51 164}
2008. NoLeakH1 ReactorUnitSafe V1 ~NoLeakH2 ~V2 {115 130}
2009. ReactorUnitSafe l ~NoLeak ~NoLeakH2 ~V1 ~V2 {42 152}
2010. NoLeak ReactorUnitSafe ~LowTemp ~NoLeakH1 ~okH1 {122 132}
2014. LowTemp NoLeak ReactorUnitSafe okH2 ~NoLeakH1 ~V1 {96 134}
2016. ReactorUnitSafe l ~LowTemp ~NoLeakH1 ~okH2 {84 99}
2020. NoLeak NoLeakH2 ReactorUnitSafe V2 ~NoLeakH1 ~V1 ~l {99 154}
2021. NoLeak ReactorUnitSafe l okH2 ~NoLeakH1 ~okH1 {101 126}
2022. ReactorUnitSafe V1 l ~NoLeakH2 {118 131}
2023. ReactorUnitSafe V1 okH1 okH2 ~V2 ~l {114 156}
2025. NoLeakH2 ReactorUnitSafe l {42 132}
2027. NoLeak ReactorUnitSafe ~NoLeakH1 ~NoLeakH2 ~V1 ~okH1 {78 152}
2035. ReactorUnitSafe V1 {128 162}
2037. LowTemp NoLeakH1 ReactorUnitSafe okH2 ~V1 ~V2 {68 102}
2040. ReactorUnitSafe ~LowTemp ~NoLeakH1 ~NoLeakH2 ~V2 ~l {155 162}
2041. ReactorUnitSafe l okH1 {47 86}
2042. LowTemp ReactorUnitSafe V1 okH2 {107 109}
2046. LowTemp NoLeak ReactorUnitSafe okH1 ~NoLeakH1 ~V1 ~V2 ~okH2 {63 161}
2047. LowTemp ReactorUnitSafe okH2 ~V1 ~V2 {72 83}
2048. NoLeak ReactorUnitSafe okH1 ~NoLeakH2 ~V2 ~l {112 147}
2051. LowTemp NoLeakH2 ReactorUnitSafe ~V1 ~V2 ~l {63 116}
2055. ReactorUnitSafe ~NoLeak ~NoLeakH1 ~V1 ~l {51 140}
2057. NoLeakH1 ReactorUnitSafe l okH1 ~NoLeakH2 {83 121}
2062. ReactorUnitSafe okH2 ~V1 ~V2 {125 147}
2064. ReactorUnitSafe ~LowTemp ~NoLeakH1 ~NoLeakH2 ~V2 ~l ~okH2 {63 162}
2067. LowTemp NoLeakH2 ReactorUnitSafe l ~NoLeak ~NoLeakH1 ~V1 {39 138}
2071. LowTemp NoLeakH2 ReactorUnitSafe l okH1 ~V1 {39 81}
2076. NoLeak ReactorUnitSafe V1 l okH1 ~NoLeakH1 ~okH2 {50 84}
2078. ReactorUnitSafe ~LowTemp ~NoLeakH1 ~V1 ~V2 ~l {63 101}
2079. ReactorUnitSafe V1 l {131 137}
2080. ReactorUnitSafe V1 okH1 ~l {50 156}
2081. LowTemp NoLeakH2 ReactorUnitSafe l okH2 ~NoLeak ~NoLeakH1 ~V1 {55 72}
2082. LowTemp NoLeak ReactorUnitSafe okH2 ~NoLeakH1 {38 89}
2084. ReactorUnitSafe V1 okH1 ~LowTemp {47 94}
2086. LowTemp ReactorUnitSafe V1 okH1 okH2 {69 107}
2087. LowTemp NoLeakH2 ReactorUnitSafe ~NoLeak ~NoLeakH1 ~V1 ~V2 ~l {63 138}
2088. ReactorUnitSafe ~LowTemp ~NoLeakH2 ~V2 ~l ~okH1 {162 164}
2093. NoLeakH1 ReactorUnitSafe l okH2 ~okH1 {42 102}
2095. LowTemp ReactorUnitSafe V2 l okH1 okH2 {118 160}
2096. LowTemp NoLeakH1 ReactorUnitSafe okH2 ~V1 ~okH1 {42 71}
2100. NoLeakH1 NoLeakH2 ReactorUnitSafe ~NoLeak ~V1 {42 51}
2101. LowTemp ReactorUnitSafe l okH2 ~V2 {38 123}
2102. LowTemp NoLeakH2 ReactorUnitSafe l ~NoLeakH1 ~V1 {39 77}
2103. LowTemp ReactorUnitSafe V1 okH1 ~V2 ~okH2 {107 144}
2107. LowTemp ReactorUnitSafe okH2 ~NoLeak ~NoLeakH1 ~V1 {138 140}
2109. LowTemp NoLeakH1 ReactorUnitSafe okH1 {86 153}
2110. NoLeakH2 ReactorUnitSafe ~NoLeakH1 ~V2 ~l {132 156}
2113. LowTemp NoLeakH2 ReactorUnitSafe l {42 82}
2114. ReactorUnitSafe V2 ~V1 ~okH1 {46 78}
2115. ReactorUnitSafe okH1 okH2 ~V1 ~V2 {101 133}
2116. NoLeak ReactorUnitSafe V1 okH1 okH2 ~NoLeakH1 ~NoLeakH2 {74 94}
2121. LowTemp NoLeak ReactorUnitSafe ~NoLeakH1 ~V1 ~l {140 154}
2122. LowTemp NoLeakH2 ReactorUnitSafe ~V1 ~V2 ~okH1 {72 157}
2123. ReactorUnitSafe ~NoLeakH1 ~okH2 {48 150}
2124. ReactorUnitSafe V2 okH2 ~V1 ~okH1 {46 106}
2126. LowTemp ReactorUnitSafe ~okH1 {78 107}
2127. NoLeak ReactorUnitSafe V1 V2 l okH1 okH2 ~NoLeakH2 {94 160}
2130. ReactorUnitSafe V1 V2 l okH1 {50 118}
2131. LowTemp NoLeakH1 ReactorUnitSafe okH1 ~V1 ~V2 ~l ~okH2 {68 95}
2133. LowTemp ReactorUnitSafe V1 ~V2 ~okH2 {40 107}
2136. ReactorUnitSafe okH1 ~LowTemp ~NoLeakH1 ~NoLeakH2 ~l {99 124}
2139. LowTemp ReactorUnitSafe l okH1 ~okH2 {118 161}
2140. ReactorUnitSafe okH1 ~V1 {99 133}
2144. ReactorUnitSafe okH2 ~NoLeak ~V1 ~V2 {72 147}
2150. LowTemp ReactorUnitSafe l ~V1 ~V2 ~okH1 {54 93}
2151. LowTemp NoLeakH2 ReactorUnitSafe okH2 ~V1 ~V2 ~l ~okH1 {71 72}
2152. LowTemp NoLeakH1 ReactorUnitSafe l ~NoLeak ~NoLeakH2 ~V2 {93 100}
2153. NoLeak ReactorUnitSafe V1 ~NoLeakH2 ~V2 ~l {57 130}
2154. LowTemp NoLeakH2 ReactorUnitSafe okH2 ~V1 {72 88}
2156. LowTemp NoLeakH1 ReactorUnitSafe V2 l okH1 okH2 {121 160}
2159. NoLeakH2 ReactorUnitSafe V1 V2 l okH2 {61 109}
2160. NoLeakH1 ReactorUnitSafe okH1 ~V2 ~l ~okH2 {65 146}
2164. ReactorUnitSafe l ~NoLeak ~V2 ~okH2 {42 84}
2167. LowTemp NoLeakH1 ReactorUnitSafe l okH2 {121 126}
2168. ReactorUnitSafe l ~LowTemp ~NoLeakH1 ~V1 {39 101}
2170. LowTemp NoLeakH1 ReactorUnitSafe okH1 ~NoLeakH2 ~V1 ~V2 ~l {68 103}
2171. ReactorUnitSafe ~NoLeakH1 ~NoLeakH2 ~V2 ~okH2 {57 84}
2173. NoLeak ReactorUnitSafe V1 okH1 ~NoLeakH1 ~NoLeakH2 {50 58}
2179. NoLeakH1 ReactorUnitSafe V1 l {130 137}
2180. NoLeak ReactorUnitSafe okH1 ~NoLeakH2 {66 147}
2186. NoLeakH1 ReactorUnitSafe l okH1 ~okH2 {65 121}
2187. ReactorUnitSafe okH1 ~NoLeak {99 100}
2190. ReactorUnitSafe l ~NoLeak ~NoLeakH1 ~V1 ~V2 {137 152}
2191. LowTemp ReactorUnitSafe l okH1 okH2 ~NoLeak ~V1 ~V2 {72 86}
2192. NoLeak ReactorUnitSafe V2 okH2 ~NoLeakH1 {74 99}
2194. NoLeak NoLeakH1 ReactorUnitSafe V1 ~NoLeakH2 ~V2 ~l {103 162}
2195. ReactorUnitSafe ~NoLeakH1 ~NoLeakH2 ~V2 ~okH1 {57 93}
2196. NoLeak ReactorUnitSafe ~NoLeakH2 ~V2 ~l ~okH1 ~okH2 {40 164}
2197. NoLeak ReactorUnitSafe l ~NoLeakH1 ~NoLeakH2 {131 145}
2198. ReactorUnitSafe l okH2 ~LowTemp ~NoLeak ~okH1 {61 143}
2201. NoLeakH2 ReactorUnitSafe ~NoLeakH1 ~V1 ~okH2 {48 54}
2210. ReactorUnitSafe okH1 ~NoLeakH2 ~V1 ~V2 {19 133}
2214. ReactorUnitSafe l ~LowTemp ~NoLeakH1 ~V2 {84 101}
2217. NoLeakH2 ReactorUnitSafe okH2 ~NoLeak ~NoLeakH1 ~V1 ~V2 {72 101}
2218. NoLeakH2 ReactorUnitSafe ~V1 ~l ~okH1 ~okH2 {51 157}
2220. LowTemp NoLeakH1 ReactorUnitSafe l okH1 ~V2 ~okH2 {100 161}
2222. LowTemp NoLeakH1 ReactorUnitSafe okH1 ~V1 ~V2 ~okH2 {65 68}
2224. NoLeakH2 ReactorUnitSafe V2 l {42 120}
2229. NoLeakH1 ReactorUnitSafe ~NoLeak ~NoLeakH2 ~V2 ~okH1 {93 129}
2231. ReactorUnitSafe ~LowTemp ~NoLeak ~V1 ~l {51 147}
2232. NoLeakH2 ReactorUnitSafe V2 ~NoLeakH1 ~l {56 99}
2233. ReactorUnitSafe okH2 ~NoLeakH1 ~NoLeakH2 ~V2 {38 57}
2237. LowTemp NoLeakH2 ReactorUnitSafe ~V1 ~V2 {65 72}
2238. ReactorUnitSafe ~LowTemp ~NoLeakH1 ~NoLeakH2 ~V1 ~l ~okH1 {99 164}
2239. ReactorUnitSafe V1 okH1 okH2 {77 94}
2241. NoLeakH1 ReactorUnitSafe V2 l okH2 ~okH1 {42 106}
2242. NoLeakH1 ReactorUnitSafe ~NoLeakH2 ~V1 ~V2 {122 133}
2243. ReactorUnitSafe V1 okH1 ~V2 ~l ~okH2 {144 156}
2244. NoLeakH2 ReactorUnitSafe ~V1 ~l ~okH2 {51 65}
2248. ReactorUnitSafe ~V1 ~V2 ~l ~okH1 {47 164}
2249. LowTemp NoLeakH1 ReactorUnitSafe l okH1 ~NoLeak ~NoLeakH2 ~V2 {68 127}
2250. NoLeak ReactorUnitSafe V2 ~NoLeakH1 ~V1 {120 140}
2252. LowTemp NoLeak ReactorUnitSafe okH2 ~NoLeakH1 ~NoLeakH2 {89 92}
2253. NoLeakH1 ReactorUnitSafe ~V2 ~l ~okH1 ~okH2 {129 157}
2254. NoLeakH1 ReactorUnitSafe V1 ~NoLeakH2 {149 162}
2256. NoLeakH2 ReactorUnitSafe V2 ~NoLeakH1 {99 128}
2259. LowTemp NoLeakH1 ReactorUnitSafe {78 100}
2261. NoLeak ReactorUnitSafe ~NoLeakH2 ~V1 ~l ~okH1 {78 164}
2262. NoLeak ReactorUnitSafe V1 ~NoLeakH2 ~V2 {58 130}
2263. ReactorUnitSafe ~LowTemp ~NoLeakH1 ~NoLeakH2 ~V1 ~l {99 155}
2264. NoLeak NoLeakH2 ReactorUnitSafe V2 l okH2 ~NoLeakH1 {80 82}
2265. ReactorUnitSafe ~NoLeak ~V1 ~okH1 {51 139}
2266. ReactorUnitSafe V1 l ~LowTemp ~NoLeak {137 162}
2267. ReactorUnitSafe V2 l okH2 ~okH1 {106 118}
2268. NoLeak ReactorUnitSafe ~NoLeakH1 ~NoLeakH2 ~V1 {73 152}
2270. ReactorUnitSafe ~LowTemp ~NoLeakH1 ~NoLeakH2 ~l {57 99}
2272. ReactorUnitSafe okH1 ~NoLeak ~V1 ~V2 ~l {51 124}
2278. ReactorUnitSafe V1 ~NoLeakH2 {150 162}
2279. LowTemp NoLeak ReactorUnitSafe l ~NoLeakH2 {92 158}
2280. ReactorUnitSafe ~V1 ~V2 ~okH1 ~okH2 {104 157}
2283. False {11 1493}
Size of final clause set: 2283
